<?xml version="1.0" encoding="UTF-8"?>
<!-- Generated by org.testng.reporters.JUnitXMLReporter -->
<testsuite hostname="streamoid-ThinkPad-T440s" ignored="0" name="TestClientInfo" tests="8" failures="4" timestamp="17 May 2018 06:53:36 GMT" time="2328.439" errors="0">
  <testcase name="@AfterClass tearDown" time="0.0" classname="com.services.test.TestAllenSollyInfo">
    <failure type="org.openqa.selenium.SessionNotCreatedException" message="Tried to run command without establishing a connection
Build info: version: &amp;apos;3.11.0&amp;apos;, revision: &amp;apos;e59cfb3&amp;apos;, time: &amp;apos;2018-03-11T20:26:55.152Z&amp;apos;
System info: host: &amp;apos;streamoid-ThinkPad-T440s&amp;apos;, ip: &amp;apos;127.0.1.1&amp;apos;, os.name: &amp;apos;Linux&amp;apos;, os.arch: &amp;apos;amd64&amp;apos;, os.version: &amp;apos;4.13.0-41-generic&amp;apos;, java.version: &amp;apos;1.8.0_171&amp;apos;
Driver info: org.openqa.selenium.firefox.FirefoxDriver
Capabilities {acceptInsecureCerts: true, browserName: firefox, browserVersion: 55.0.3, javascriptEnabled: true, moz:accessibilityChecks: false, moz:processID: 3827, moz:profile: /tmp/rust_mozprofile.JTMa2z..., pageLoadStrategy: normal, platform: LINUX, platformName: LINUX, platformVersion: 4.13.0-41-generic, rotatable: false, specificationLevel: 0, timeouts: {implicit: 0, pageLoad: 300000, script: 30000}}
Session ID: 86a0a113-ad22-4d85-9682-417cabcadc75">
      <![CDATA[org.openqa.selenium.SessionNotCreatedException: Tried to run command without establishing a connection
Build info: version: '3.11.0', revision: 'e59cfb3', time: '2018-03-11T20:26:55.152Z'
System info: host: 'streamoid-ThinkPad-T440s', ip: '127.0.1.1', os.name: 'Linux', os.arch: 'amd64', os.version: '4.13.0-41-generic', java.version: '1.8.0_171'
Driver info: org.openqa.selenium.firefox.FirefoxDriver
Capabilities {acceptInsecureCerts: true, browserName: firefox, browserVersion: 55.0.3, javascriptEnabled: true, moz:accessibilityChecks: false, moz:processID: 3827, moz:profile: /tmp/rust_mozprofile.JTMa2z..., pageLoadStrategy: normal, platform: LINUX, platformName: LINUX, platformVersion: 4.13.0-41-generic, rotatable: false, specificationLevel: 0, timeouts: {implicit: 0, pageLoad: 300000, script: 30000}}
Session ID: 86a0a113-ad22-4d85-9682-417cabcadc75
	at org.openqa.selenium.remote.http.W3CHttpResponseCodec.createException(W3CHttpResponseCodec.java:187)
	at org.openqa.selenium.remote.http.W3CHttpResponseCodec.decode(W3CHttpResponseCodec.java:122)
	at org.openqa.selenium.remote.http.W3CHttpResponseCodec.decode(W3CHttpResponseCodec.java:49)
	at org.openqa.selenium.remote.HttpCommandExecutor.execute(HttpCommandExecutor.java:158)
	at org.openqa.selenium.remote.service.DriverCommandExecutor.execute(DriverCommandExecutor.java:83)
	at org.openqa.selenium.remote.RemoteWebDriver.execute(RemoteWebDriver.java:545)
	at org.openqa.selenium.remote.RemoteWebDriver.execute(RemoteWebDriver.java:602)
	at org.openqa.selenium.remote.RemoteWebDriver.close(RemoteWebDriver.java:435)
	at com.services.test.TestAllenSollyInfo.tearDown(TestAllenSollyInfo.java:271)
... Removed 29 stack frames]]>
    </failure>
  </testcase> <!-- @AfterClass tearDown -->
  <testcase name="@AfterClass tearDown" time="0.0" classname="com.services.test.TestFabIndiaInfo">
    <failure type="org.openqa.selenium.SessionNotCreatedException" message="Tried to run command without establishing a connection
Build info: version: &amp;apos;3.11.0&amp;apos;, revision: &amp;apos;e59cfb3&amp;apos;, time: &amp;apos;2018-03-11T20:26:55.152Z&amp;apos;
System info: host: &amp;apos;streamoid-ThinkPad-T440s&amp;apos;, ip: &amp;apos;127.0.1.1&amp;apos;, os.name: &amp;apos;Linux&amp;apos;, os.arch: &amp;apos;amd64&amp;apos;, os.version: &amp;apos;4.13.0-41-generic&amp;apos;, java.version: &amp;apos;1.8.0_171&amp;apos;
Driver info: org.openqa.selenium.firefox.FirefoxDriver
Capabilities {acceptInsecureCerts: true, browserName: firefox, browserVersion: 55.0.3, javascriptEnabled: true, moz:accessibilityChecks: false, moz:processID: 4018, moz:profile: /tmp/rust_mozprofile.5XEvr9..., pageLoadStrategy: normal, platform: LINUX, platformName: LINUX, platformVersion: 4.13.0-41-generic, rotatable: false, specificationLevel: 0, timeouts: {implicit: 0, pageLoad: 300000, script: 30000}}
Session ID: df8afb21-3811-4123-b56b-516969bc148a">
      <![CDATA[org.openqa.selenium.SessionNotCreatedException: Tried to run command without establishing a connection
Build info: version: '3.11.0', revision: 'e59cfb3', time: '2018-03-11T20:26:55.152Z'
System info: host: 'streamoid-ThinkPad-T440s', ip: '127.0.1.1', os.name: 'Linux', os.arch: 'amd64', os.version: '4.13.0-41-generic', java.version: '1.8.0_171'
Driver info: org.openqa.selenium.firefox.FirefoxDriver
Capabilities {acceptInsecureCerts: true, browserName: firefox, browserVersion: 55.0.3, javascriptEnabled: true, moz:accessibilityChecks: false, moz:processID: 4018, moz:profile: /tmp/rust_mozprofile.5XEvr9..., pageLoadStrategy: normal, platform: LINUX, platformName: LINUX, platformVersion: 4.13.0-41-generic, rotatable: false, specificationLevel: 0, timeouts: {implicit: 0, pageLoad: 300000, script: 30000}}
Session ID: df8afb21-3811-4123-b56b-516969bc148a
	at org.openqa.selenium.remote.http.W3CHttpResponseCodec.createException(W3CHttpResponseCodec.java:187)
	at org.openqa.selenium.remote.http.W3CHttpResponseCodec.decode(W3CHttpResponseCodec.java:122)
	at org.openqa.selenium.remote.http.W3CHttpResponseCodec.decode(W3CHttpResponseCodec.java:49)
	at org.openqa.selenium.remote.HttpCommandExecutor.execute(HttpCommandExecutor.java:158)
	at org.openqa.selenium.remote.service.DriverCommandExecutor.execute(DriverCommandExecutor.java:83)
	at org.openqa.selenium.remote.RemoteWebDriver.execute(RemoteWebDriver.java:545)
	at org.openqa.selenium.remote.RemoteWebDriver.execute(RemoteWebDriver.java:602)
	at org.openqa.selenium.remote.RemoteWebDriver.close(RemoteWebDriver.java:435)
	at com.services.test.TestFabIndiaInfo.tearDown(TestFabIndiaInfo.java:212)
... Removed 29 stack frames]]>
    </failure>
  </testcase> <!-- @AfterClass tearDown -->
  <testcase name="@AfterClass tearDown" time="0.0" classname="com.services.test.TestPeopleInfo">
    <failure type="org.openqa.selenium.SessionNotCreatedException" message="Tried to run command without establishing a connection
Build info: version: &amp;apos;3.11.0&amp;apos;, revision: &amp;apos;e59cfb3&amp;apos;, time: &amp;apos;2018-03-11T20:26:55.152Z&amp;apos;
System info: host: &amp;apos;streamoid-ThinkPad-T440s&amp;apos;, ip: &amp;apos;127.0.1.1&amp;apos;, os.name: &amp;apos;Linux&amp;apos;, os.arch: &amp;apos;amd64&amp;apos;, os.version: &amp;apos;4.13.0-41-generic&amp;apos;, java.version: &amp;apos;1.8.0_171&amp;apos;
Driver info: org.openqa.selenium.firefox.FirefoxDriver
Capabilities {acceptInsecureCerts: true, browserName: firefox, browserVersion: 55.0.3, javascriptEnabled: true, moz:accessibilityChecks: false, moz:processID: 4159, moz:profile: /tmp/rust_mozprofile.LpJimZ..., pageLoadStrategy: normal, platform: LINUX, platformName: LINUX, platformVersion: 4.13.0-41-generic, rotatable: false, specificationLevel: 0, timeouts: {implicit: 0, pageLoad: 300000, script: 30000}}
Session ID: 660255e8-d650-40d7-83ef-298a9c8b9590">
      <![CDATA[org.openqa.selenium.SessionNotCreatedException: Tried to run command without establishing a connection
Build info: version: '3.11.0', revision: 'e59cfb3', time: '2018-03-11T20:26:55.152Z'
System info: host: 'streamoid-ThinkPad-T440s', ip: '127.0.1.1', os.name: 'Linux', os.arch: 'amd64', os.version: '4.13.0-41-generic', java.version: '1.8.0_171'
Driver info: org.openqa.selenium.firefox.FirefoxDriver
Capabilities {acceptInsecureCerts: true, browserName: firefox, browserVersion: 55.0.3, javascriptEnabled: true, moz:accessibilityChecks: false, moz:processID: 4159, moz:profile: /tmp/rust_mozprofile.LpJimZ..., pageLoadStrategy: normal, platform: LINUX, platformName: LINUX, platformVersion: 4.13.0-41-generic, rotatable: false, specificationLevel: 0, timeouts: {implicit: 0, pageLoad: 300000, script: 30000}}
Session ID: 660255e8-d650-40d7-83ef-298a9c8b9590
	at org.openqa.selenium.remote.http.W3CHttpResponseCodec.createException(W3CHttpResponseCodec.java:187)
	at org.openqa.selenium.remote.http.W3CHttpResponseCodec.decode(W3CHttpResponseCodec.java:122)
	at org.openqa.selenium.remote.http.W3CHttpResponseCodec.decode(W3CHttpResponseCodec.java:49)
	at org.openqa.selenium.remote.HttpCommandExecutor.execute(HttpCommandExecutor.java:158)
	at org.openqa.selenium.remote.service.DriverCommandExecutor.execute(DriverCommandExecutor.java:83)
	at org.openqa.selenium.remote.RemoteWebDriver.execute(RemoteWebDriver.java:545)
	at org.openqa.selenium.remote.RemoteWebDriver.execute(RemoteWebDriver.java:602)
	at org.openqa.selenium.remote.RemoteWebDriver.close(RemoteWebDriver.java:435)
	at com.services.test.TestPeopleInfo.tearDown(TestPeopleInfo.java:147)
... Removed 29 stack frames]]>
    </failure>
  </testcase> <!-- @AfterClass tearDown -->
  <testcase name="@AfterClass tearDown" time="0.0" classname="com.services.test.TestPlanetFashionInfo">
    <failure type="org.openqa.selenium.SessionNotCreatedException" message="Tried to run command without establishing a connection
Build info: version: &amp;apos;3.11.0&amp;apos;, revision: &amp;apos;e59cfb3&amp;apos;, time: &amp;apos;2018-03-11T20:26:55.152Z&amp;apos;
System info: host: &amp;apos;streamoid-ThinkPad-T440s&amp;apos;, ip: &amp;apos;127.0.1.1&amp;apos;, os.name: &amp;apos;Linux&amp;apos;, os.arch: &amp;apos;amd64&amp;apos;, os.version: &amp;apos;4.13.0-41-generic&amp;apos;, java.version: &amp;apos;1.8.0_171&amp;apos;
Driver info: org.openqa.selenium.firefox.FirefoxDriver
Capabilities {acceptInsecureCerts: true, browserName: firefox, browserVersion: 55.0.3, javascriptEnabled: true, moz:accessibilityChecks: false, moz:processID: 4302, moz:profile: /tmp/rust_mozprofile.1767LV..., pageLoadStrategy: normal, platform: LINUX, platformName: LINUX, platformVersion: 4.13.0-41-generic, rotatable: false, specificationLevel: 0, timeouts: {implicit: 0, pageLoad: 300000, script: 30000}}
Session ID: 1deb9fca-5352-498c-8e0a-7d7dde2f76ba">
      <![CDATA[org.openqa.selenium.SessionNotCreatedException: Tried to run command without establishing a connection
Build info: version: '3.11.0', revision: 'e59cfb3', time: '2018-03-11T20:26:55.152Z'
System info: host: 'streamoid-ThinkPad-T440s', ip: '127.0.1.1', os.name: 'Linux', os.arch: 'amd64', os.version: '4.13.0-41-generic', java.version: '1.8.0_171'
Driver info: org.openqa.selenium.firefox.FirefoxDriver
Capabilities {acceptInsecureCerts: true, browserName: firefox, browserVersion: 55.0.3, javascriptEnabled: true, moz:accessibilityChecks: false, moz:processID: 4302, moz:profile: /tmp/rust_mozprofile.1767LV..., pageLoadStrategy: normal, platform: LINUX, platformName: LINUX, platformVersion: 4.13.0-41-generic, rotatable: false, specificationLevel: 0, timeouts: {implicit: 0, pageLoad: 300000, script: 30000}}
Session ID: 1deb9fca-5352-498c-8e0a-7d7dde2f76ba
	at org.openqa.selenium.remote.http.W3CHttpResponseCodec.createException(W3CHttpResponseCodec.java:187)
	at org.openqa.selenium.remote.http.W3CHttpResponseCodec.decode(W3CHttpResponseCodec.java:122)
	at org.openqa.selenium.remote.http.W3CHttpResponseCodec.decode(W3CHttpResponseCodec.java:49)
	at org.openqa.selenium.remote.HttpCommandExecutor.execute(HttpCommandExecutor.java:158)
	at org.openqa.selenium.remote.service.DriverCommandExecutor.execute(DriverCommandExecutor.java:83)
	at org.openqa.selenium.remote.RemoteWebDriver.execute(RemoteWebDriver.java:545)
	at org.openqa.selenium.remote.RemoteWebDriver.execute(RemoteWebDriver.java:602)
	at org.openqa.selenium.remote.RemoteWebDriver.close(RemoteWebDriver.java:435)
	at com.services.test.TestPlanetFashionInfo.tearDown(TestPlanetFashionInfo.java:146)
... Removed 29 stack frames]]>
    </failure>
  </testcase> <!-- @AfterClass tearDown -->
  <testcase name="testAllenSolly" time="80.984" classname="com.services.test.TestAllenSollyInfo">
    <failure type="org.openqa.selenium.SessionNotCreatedException" message="Tried to run command without establishing a connection
Build info: version: &amp;apos;3.11.0&amp;apos;, revision: &amp;apos;e59cfb3&amp;apos;, time: &amp;apos;2018-03-11T20:26:55.152Z&amp;apos;
System info: host: &amp;apos;streamoid-ThinkPad-T440s&amp;apos;, ip: &amp;apos;127.0.1.1&amp;apos;, os.name: &amp;apos;Linux&amp;apos;, os.arch: &amp;apos;amd64&amp;apos;, os.version: &amp;apos;4.13.0-41-generic&amp;apos;, java.version: &amp;apos;1.8.0_171&amp;apos;
Driver info: org.openqa.selenium.firefox.FirefoxDriver
Capabilities {acceptInsecureCerts: true, browserName: firefox, browserVersion: 55.0.3, javascriptEnabled: true, moz:accessibilityChecks: false, moz:processID: 3827, moz:profile: /tmp/rust_mozprofile.JTMa2z..., pageLoadStrategy: normal, platform: LINUX, platformName: LINUX, platformVersion: 4.13.0-41-generic, rotatable: false, specificationLevel: 0, timeouts: {implicit: 0, pageLoad: 300000, script: 30000}}
Session ID: 86a0a113-ad22-4d85-9682-417cabcadc75
*** Element info: {Using=xpath, value=.//*[@id=&amp;apos;nav-bar&amp;apos;]/li[1]/a}">
      <![CDATA[org.openqa.selenium.SessionNotCreatedException: Tried to run command without establishing a connection
Build info: version: '3.11.0', revision: 'e59cfb3', time: '2018-03-11T20:26:55.152Z'
System info: host: 'streamoid-ThinkPad-T440s', ip: '127.0.1.1', os.name: 'Linux', os.arch: 'amd64', os.version: '4.13.0-41-generic', java.version: '1.8.0_171'
Driver info: org.openqa.selenium.firefox.FirefoxDriver
Capabilities {acceptInsecureCerts: true, browserName: firefox, browserVersion: 55.0.3, javascriptEnabled: true, moz:accessibilityChecks: false, moz:processID: 3827, moz:profile: /tmp/rust_mozprofile.JTMa2z..., pageLoadStrategy: normal, platform: LINUX, platformName: LINUX, platformVersion: 4.13.0-41-generic, rotatable: false, specificationLevel: 0, timeouts: {implicit: 0, pageLoad: 300000, script: 30000}}
Session ID: 86a0a113-ad22-4d85-9682-417cabcadc75
*** Element info: {Using=xpath, value=.//*[@id='nav-bar']/li[1]/a}
	at org.openqa.selenium.remote.http.W3CHttpResponseCodec.createException(W3CHttpResponseCodec.java:187)
	at org.openqa.selenium.remote.http.W3CHttpResponseCodec.decode(W3CHttpResponseCodec.java:122)
	at org.openqa.selenium.remote.http.W3CHttpResponseCodec.decode(W3CHttpResponseCodec.java:49)
	at org.openqa.selenium.remote.HttpCommandExecutor.execute(HttpCommandExecutor.java:158)
	at org.openqa.selenium.remote.service.DriverCommandExecutor.execute(DriverCommandExecutor.java:83)
	at org.openqa.selenium.remote.RemoteWebDriver.execute(RemoteWebDriver.java:545)
	at org.openqa.selenium.remote.RemoteWebDriver.findElement(RemoteWebDriver.java:319)
	at org.openqa.selenium.remote.RemoteWebDriver.findElementByXPath(RemoteWebDriver.java:421)
	at org.openqa.selenium.By$ByXPath.findElement(By.java:361)
	at org.openqa.selenium.remote.RemoteWebDriver.findElement(RemoteWebDriver.java:311)
	at com.services.test.TestAllenSollyInfo.testAllenSolly(TestAllenSollyInfo.java:83)
... Removed 29 stack frames]]>
    </failure>
  </testcase> <!-- testAllenSolly -->
  <testcase name="testFabIndia" time="106.422" classname="com.services.test.TestFabIndiaInfo">
    <failure type="org.openqa.selenium.SessionNotCreatedException" message="Tried to run command without establishing a connection
Build info: version: &amp;apos;3.11.0&amp;apos;, revision: &amp;apos;e59cfb3&amp;apos;, time: &amp;apos;2018-03-11T20:26:55.152Z&amp;apos;
System info: host: &amp;apos;streamoid-ThinkPad-T440s&amp;apos;, ip: &amp;apos;127.0.1.1&amp;apos;, os.name: &amp;apos;Linux&amp;apos;, os.arch: &amp;apos;amd64&amp;apos;, os.version: &amp;apos;4.13.0-41-generic&amp;apos;, java.version: &amp;apos;1.8.0_171&amp;apos;
Driver info: org.openqa.selenium.firefox.FirefoxDriver
Capabilities {acceptInsecureCerts: true, browserName: firefox, browserVersion: 55.0.3, javascriptEnabled: true, moz:accessibilityChecks: false, moz:processID: 4018, moz:profile: /tmp/rust_mozprofile.5XEvr9..., pageLoadStrategy: normal, platform: LINUX, platformName: LINUX, platformVersion: 4.13.0-41-generic, rotatable: false, specificationLevel: 0, timeouts: {implicit: 0, pageLoad: 300000, script: 30000}}
Session ID: df8afb21-3811-4123-b56b-516969bc148a
*** Element info: {Using=xpath, value=.//*[@id=&amp;apos;sample-menu-2&amp;apos;]/li[2]/a/span[2]}">
      <![CDATA[org.openqa.selenium.SessionNotCreatedException: Tried to run command without establishing a connection
Build info: version: '3.11.0', revision: 'e59cfb3', time: '2018-03-11T20:26:55.152Z'
System info: host: 'streamoid-ThinkPad-T440s', ip: '127.0.1.1', os.name: 'Linux', os.arch: 'amd64', os.version: '4.13.0-41-generic', java.version: '1.8.0_171'
Driver info: org.openqa.selenium.firefox.FirefoxDriver
Capabilities {acceptInsecureCerts: true, browserName: firefox, browserVersion: 55.0.3, javascriptEnabled: true, moz:accessibilityChecks: false, moz:processID: 4018, moz:profile: /tmp/rust_mozprofile.5XEvr9..., pageLoadStrategy: normal, platform: LINUX, platformName: LINUX, platformVersion: 4.13.0-41-generic, rotatable: false, specificationLevel: 0, timeouts: {implicit: 0, pageLoad: 300000, script: 30000}}
Session ID: df8afb21-3811-4123-b56b-516969bc148a
*** Element info: {Using=xpath, value=.//*[@id='sample-menu-2']/li[2]/a/span[2]}
	at org.openqa.selenium.remote.http.W3CHttpResponseCodec.createException(W3CHttpResponseCodec.java:187)
	at org.openqa.selenium.remote.http.W3CHttpResponseCodec.decode(W3CHttpResponseCodec.java:122)
	at org.openqa.selenium.remote.http.W3CHttpResponseCodec.decode(W3CHttpResponseCodec.java:49)
	at org.openqa.selenium.remote.HttpCommandExecutor.execute(HttpCommandExecutor.java:158)
	at org.openqa.selenium.remote.service.DriverCommandExecutor.execute(DriverCommandExecutor.java:83)
	at org.openqa.selenium.remote.RemoteWebDriver.execute(RemoteWebDriver.java:545)
	at org.openqa.selenium.remote.RemoteWebDriver.findElement(RemoteWebDriver.java:319)
	at org.openqa.selenium.remote.RemoteWebDriver.findElementByXPath(RemoteWebDriver.java:421)
	at org.openqa.selenium.By$ByXPath.findElement(By.java:361)
	at org.openqa.selenium.remote.RemoteWebDriver.findElement(RemoteWebDriver.java:311)
	at com.services.test.TestFabIndiaInfo.testFabIndia(TestFabIndiaInfo.java:195)
... Removed 29 stack frames]]>
    </failure>
  </testcase> <!-- testFabIndia -->
  <testcase name="testPeople" time="99.489" classname="com.services.test.TestPeopleInfo">
    <failure type="org.openqa.selenium.WebDriverException" message="Failed to decode response from marionette
Build info: version: &amp;apos;3.11.0&amp;apos;, revision: &amp;apos;e59cfb3&amp;apos;, time: &amp;apos;2018-03-11T20:26:55.152Z&amp;apos;
System info: host: &amp;apos;streamoid-ThinkPad-T440s&amp;apos;, ip: &amp;apos;127.0.1.1&amp;apos;, os.name: &amp;apos;Linux&amp;apos;, os.arch: &amp;apos;amd64&amp;apos;, os.version: &amp;apos;4.13.0-41-generic&amp;apos;, java.version: &amp;apos;1.8.0_171&amp;apos;
Driver info: org.openqa.selenium.firefox.FirefoxDriver
Capabilities {acceptInsecureCerts: true, browserName: firefox, browserVersion: 55.0.3, javascriptEnabled: true, moz:accessibilityChecks: false, moz:processID: 4159, moz:profile: /tmp/rust_mozprofile.LpJimZ..., pageLoadStrategy: normal, platform: LINUX, platformName: LINUX, platformVersion: 4.13.0-41-generic, rotatable: false, specificationLevel: 0, timeouts: {implicit: 0, pageLoad: 300000, script: 30000}}
Session ID: 660255e8-d650-40d7-83ef-298a9c8b9590
*** Element info: {Using=xpath, value=.//*[@id=&amp;apos;nav-bar&amp;apos;]/li[2]/a}">
      <![CDATA[org.openqa.selenium.WebDriverException: Failed to decode response from marionette
Build info: version: '3.11.0', revision: 'e59cfb3', time: '2018-03-11T20:26:55.152Z'
System info: host: 'streamoid-ThinkPad-T440s', ip: '127.0.1.1', os.name: 'Linux', os.arch: 'amd64', os.version: '4.13.0-41-generic', java.version: '1.8.0_171'
Driver info: org.openqa.selenium.firefox.FirefoxDriver
Capabilities {acceptInsecureCerts: true, browserName: firefox, browserVersion: 55.0.3, javascriptEnabled: true, moz:accessibilityChecks: false, moz:processID: 4159, moz:profile: /tmp/rust_mozprofile.LpJimZ..., pageLoadStrategy: normal, platform: LINUX, platformName: LINUX, platformVersion: 4.13.0-41-generic, rotatable: false, specificationLevel: 0, timeouts: {implicit: 0, pageLoad: 300000, script: 30000}}
Session ID: 660255e8-d650-40d7-83ef-298a9c8b9590
*** Element info: {Using=xpath, value=.//*[@id='nav-bar']/li[2]/a}
	at org.openqa.selenium.remote.http.W3CHttpResponseCodec.createException(W3CHttpResponseCodec.java:187)
	at org.openqa.selenium.remote.http.W3CHttpResponseCodec.decode(W3CHttpResponseCodec.java:122)
	at org.openqa.selenium.remote.http.W3CHttpResponseCodec.decode(W3CHttpResponseCodec.java:49)
	at org.openqa.selenium.remote.HttpCommandExecutor.execute(HttpCommandExecutor.java:158)
	at org.openqa.selenium.remote.service.DriverCommandExecutor.execute(DriverCommandExecutor.java:83)
	at org.openqa.selenium.remote.RemoteWebDriver.execute(RemoteWebDriver.java:545)
	at org.openqa.selenium.remote.RemoteWebDriver.findElement(RemoteWebDriver.java:319)
	at org.openqa.selenium.remote.RemoteWebDriver.findElementByXPath(RemoteWebDriver.java:421)
	at org.openqa.selenium.By$ByXPath.findElement(By.java:361)
	at org.openqa.selenium.remote.RemoteWebDriver.findElement(RemoteWebDriver.java:311)
	at com.services.test.TestPeopleInfo.testPeople(TestPeopleInfo.java:133)
... Removed 29 stack frames]]>
    </failure>
  </testcase> <!-- testPeople -->
  <testcase name="testPlanetFashion" time="35.315" classname="com.services.test.TestPlanetFashionInfo">
    <failure type="org.openqa.selenium.SessionNotCreatedException" message="Tried to run command without establishing a connection
Build info: version: &amp;apos;3.11.0&amp;apos;, revision: &amp;apos;e59cfb3&amp;apos;, time: &amp;apos;2018-03-11T20:26:55.152Z&amp;apos;
System info: host: &amp;apos;streamoid-ThinkPad-T440s&amp;apos;, ip: &amp;apos;127.0.1.1&amp;apos;, os.name: &amp;apos;Linux&amp;apos;, os.arch: &amp;apos;amd64&amp;apos;, os.version: &amp;apos;4.13.0-41-generic&amp;apos;, java.version: &amp;apos;1.8.0_171&amp;apos;
Driver info: org.openqa.selenium.firefox.FirefoxDriver
Capabilities {acceptInsecureCerts: true, browserName: firefox, browserVersion: 55.0.3, javascriptEnabled: true, moz:accessibilityChecks: false, moz:processID: 4302, moz:profile: /tmp/rust_mozprofile.1767LV..., pageLoadStrategy: normal, platform: LINUX, platformName: LINUX, platformVersion: 4.13.0-41-generic, rotatable: false, specificationLevel: 0, timeouts: {implicit: 0, pageLoad: 300000, script: 30000}}
Session ID: 1deb9fca-5352-498c-8e0a-7d7dde2f76ba
*** Element info: {Using=xpath, value=.//*[@id=&amp;apos;nav-bar&amp;apos;]/li[2]/a}">
      <![CDATA[org.openqa.selenium.SessionNotCreatedException: Tried to run command without establishing a connection
Build info: version: '3.11.0', revision: 'e59cfb3', time: '2018-03-11T20:26:55.152Z'
System info: host: 'streamoid-ThinkPad-T440s', ip: '127.0.1.1', os.name: 'Linux', os.arch: 'amd64', os.version: '4.13.0-41-generic', java.version: '1.8.0_171'
Driver info: org.openqa.selenium.firefox.FirefoxDriver
Capabilities {acceptInsecureCerts: true, browserName: firefox, browserVersion: 55.0.3, javascriptEnabled: true, moz:accessibilityChecks: false, moz:processID: 4302, moz:profile: /tmp/rust_mozprofile.1767LV..., pageLoadStrategy: normal, platform: LINUX, platformName: LINUX, platformVersion: 4.13.0-41-generic, rotatable: false, specificationLevel: 0, timeouts: {implicit: 0, pageLoad: 300000, script: 30000}}
Session ID: 1deb9fca-5352-498c-8e0a-7d7dde2f76ba
*** Element info: {Using=xpath, value=.//*[@id='nav-bar']/li[2]/a}
	at org.openqa.selenium.remote.http.W3CHttpResponseCodec.createException(W3CHttpResponseCodec.java:187)
	at org.openqa.selenium.remote.http.W3CHttpResponseCodec.decode(W3CHttpResponseCodec.java:122)
	at org.openqa.selenium.remote.http.W3CHttpResponseCodec.decode(W3CHttpResponseCodec.java:49)
	at org.openqa.selenium.remote.HttpCommandExecutor.execute(HttpCommandExecutor.java:158)
	at org.openqa.selenium.remote.service.DriverCommandExecutor.execute(DriverCommandExecutor.java:83)
	at org.openqa.selenium.remote.RemoteWebDriver.execute(RemoteWebDriver.java:545)
	at org.openqa.selenium.remote.RemoteWebDriver.findElement(RemoteWebDriver.java:319)
	at org.openqa.selenium.remote.RemoteWebDriver.findElementByXPath(RemoteWebDriver.java:421)
	at org.openqa.selenium.By$ByXPath.findElement(By.java:361)
	at org.openqa.selenium.remote.RemoteWebDriver.findElement(RemoteWebDriver.java:311)
	at com.services.test.TestPlanetFashionInfo.testPlanetFashion(TestPlanetFashionInfo.java:132)
... Removed 29 stack frames]]>
    </failure>
  </testcase> <!-- testPlanetFashion -->
  <testcase name="testPothys" time="1308.407" classname="com.services.test.TestPothysInfo"/>
  <testcase name="testPeterEngland" time="110.573" classname="com.services.test.TestPeterEnglandInfo"/>
  <testcase name="testVanHeusen" time="490.886" classname="com.services.test.TestVanHeusenInfo"/>
  <testcase name="testLouisPhilippe" time="56.222" classname="com.services.test.TestLouisPhilippeInfo"/>
</testsuite> <!-- TestClientInfo -->
