<?xml version="1.0" encoding="UTF-8"?>
<!-- Generated by org.testng.reporters.JUnitXMLReporter -->
<testsuite hostname="streamoid-ThinkPad-T440s" ignored="0" name="TestClientInfo" tests="7" failures="0" timestamp="15 May 2018 07:28:20 GMT" time="3234.479" errors="0">
  <testcase name="testAllenSolly" time="1470.299" classname="com.services.test.TestAllenSollyInfo"/>
  <testcase name="testLouisPhilippe" time="376.392" classname="com.services.test.TestLouisPhilippeInfo"/>
  <testcase name="testFabIndia" time="281.981" classname="com.services.test.TestFabIndiaInfo"/>
  <testcase name="testPeterEngland" time="301.629" classname="com.services.test.TestPeterEnglandInfo"/>
  <testcase name="testVanHeusen" time="520.949" classname="com.services.test.TestVanHeusenInfo"/>
  <testcase name="testPeople" time="134.315" classname="com.services.test.TestPeopleInfo"/>
  <testcase name="testPlanetFashion" time="113.727" classname="com.services.test.TestPlanetFashionInfo"/>
</testsuite> <!-- TestClientInfo -->
