<?xml version="1.0" encoding="UTF-8"?>
<testng-results skipped="0" failed="0" ignored="0" total="1" passed="1">
  <reporter-output>
  </reporter-output>
  <suite name="Suite" duration-ms="14213" started-at="2019-02-18T09:53:29Z" finished-at="2019-02-18T09:53:43Z">
    <groups>
    </groups>
    <test name="Test" duration-ms="14213" started-at="2019-02-18T09:53:29Z" finished-at="2019-02-18T09:53:43Z">
      <class name="com.TextSearch.test.GetSearchQueryStatus">
        <test-method status="PASS" signature="setUp()[pri:0, instance:com.TextSearch.test.GetSearchQueryStatus@3701eaf6]" name="setUp" is-config="true" duration-ms="781" started-at="2019-02-18T15:23:29Z" finished-at="2019-02-18T15:23:30Z">
          <reporter-output>
          </reporter-output>
        </test-method> <!-- setUp -->
        <test-method status="PASS" signature="getQueryStatus()[pri:0, instance:com.TextSearch.test.GetSearchQueryStatus@3701eaf6]" name="getQueryStatus" duration-ms="13401" started-at="2019-02-18T15:23:30Z" finished-at="2019-02-18T15:23:43Z">
          <reporter-output>
          </reporter-output>
        </test-method> <!-- getQueryStatus -->
      </class> <!-- com.TextSearch.test.GetSearchQueryStatus -->
    </test> <!-- Test -->
  </suite> <!-- Suite -->
</testng-results>
