<?xml version="1.0" encoding="UTF-8"?>
<testsuite xmlns:xsi="http://www.w3.org/2001/XMLSchema-instance" xsi:schemaLocation="https://maven.apache.org/surefire/maven-surefire-plugin/xsd/surefire-test-report.xsd" name="TestSuite" time="172.567" tests="31" errors="0" skipped="12" failures="19">
  <properties>
[...]
</properties>
  <testcase name="testRaymondNext" classname="com.services.test.TestRaymondNextInfo" time="51.828">
    <failure message="Tried to run command without establishing a connection&#10;Build info: version: &apos;3.11.0&apos;, revision: &apos;e59cfb3&apos;, time: &apos;2018-03-11T20:26:55.152Z&apos;&#10;System info: host: &apos;streamoid-ThinkPad-T440s&apos;, ip: &apos;127.0.1.1&apos;, os.name: &apos;Linux&apos;, os.arch: &apos;amd64&apos;, os.version: &apos;4.13.0-43-generic&apos;, java.version: &apos;1.8.0_171&apos;&#10;Driver info: org.openqa.selenium.firefox.FirefoxDriver&#10;Capabilities {acceptInsecureCerts: true, browserName: firefox, browserVersion: 55.0.3, javascriptEnabled: true, moz:accessibilityChecks: false, moz:processID: 4525, moz:profile: /tmp/rust_mozprofile.ol2dq2..., pageLoadStrategy: normal, platform: LINUX, platformName: LINUX, platformVersion: 4.13.0-43-generic, rotatable: false, specificationLevel: 0, timeouts: {implicit: 0, pageLoad: 300000, script: 30000}}&#10;Session ID: 786eff70-68e5-4f2d-bac2-bbca0fb8b67a&#10;*** Element info: {Using=xpath, value=/html/body/div[1]/header/div/div/div[3]/div/div[1]/ul/li[1]/a}" type="org.openqa.selenium.SessionNotCreatedException">org.openqa.selenium.SessionNotCreatedException: 
Tried to run command without establishing a connection
Build info: version: '3.11.0', revision: 'e59cfb3', time: '2018-03-11T20:26:55.152Z'
System info: host: 'streamoid-ThinkPad-T440s', ip: '127.0.1.1', os.name: 'Linux', os.arch: 'amd64', os.version: '4.13.0-43-generic', java.version: '1.8.0_171'
Driver info: org.openqa.selenium.firefox.FirefoxDriver
Capabilities {acceptInsecureCerts: true, browserName: firefox, browserVersion: 55.0.3, javascriptEnabled: true, moz:accessibilityChecks: false, moz:processID: 4525, moz:profile: /tmp/rust_mozprofile.ol2dq2..., pageLoadStrategy: normal, platform: LINUX, platformName: LINUX, platformVersion: 4.13.0-43-generic, rotatable: false, specificationLevel: 0, timeouts: {implicit: 0, pageLoad: 300000, script: 30000}}
Session ID: 786eff70-68e5-4f2d-bac2-bbca0fb8b67a
*** Element info: {Using=xpath, value=/html/body/div[1]/header/div/div/div[3]/div/div[1]/ul/li[1]/a}
	at com.services.test.TestRaymondNextInfo.testRaymondNext(TestRaymondNextInfo.java:189)
</failure>
    <system-err><![CDATA[1527664490399	geckodriver	INFO	geckodriver 0.20.0
1527664490408	geckodriver	INFO	Listening on 127.0.0.1:27710
1527664490599	mozrunner::runner	INFO	Running command: "/opt/firefox/firefox" "-marionette" "-profile" "/tmp/rust_mozprofile.rVTqWQ2MRzlt"
1527664491773	addons.manager	DEBUG	Application has been upgraded
1527664491795	addons.manager	DEBUG	Loaded provider scope for resource://gre/modules/addons/XPIProvider.jsm: ["XPIProvider", "XPIInternal"]
1527664491800	addons.manager	DEBUG	Loaded provider scope for resource://gre/modules/LightweightThemeManager.jsm: ["LightweightThemeManager"]
1527664491838	addons.manager	DEBUG	Loaded provider scope for resource://gre/modules/addons/GMPProvider.jsm
1527664491844	addons.manager	DEBUG	Loaded provider scope for resource://gre/modules/addons/PluginProvider.jsm
1527664491846	addons.manager	DEBUG	Starting provider: XPIProvider
1527664491847	addons.xpi	DEBUG	startup
1527664491850	addons.xpi	INFO	SystemAddonInstallLocation directory is missing
1527664491850	addons.xpi	INFO	Removing all system add-on upgrades.
1527664491852	addons.xpi	DEBUG	checkForChanges
1527664491852	addons.xpi	WARN	Error parsing extensions state: [Exception... "Component returned failure code: 0x80520012 (NS_ERROR_FILE_NOT_FOUND) [amIAddonManagerStartup.readStartupData]"  nsresult: "0x80520012 (NS_ERROR_FILE_NOT_FOUND)"  location: "JS frame :: resource://gre/modules/addons/XPIProvider.jsm :: loadExtensionState :: line 1596"  data: no] Stack trace: loadExtensionState()@resource://gre/modules/addons/XPIProvider.jsm:1596 < getInstallState()@resource://gre/modules/addons/XPIProvider.jsm:1631 < checkForChanges()@resource://gre/modules/addons/XPIProvider.jsm:3152 < startup()@resource://gre/modules/addons/XPIProvider.jsm:2246 < callProvider()@resource://gre/modules/AddonManager.jsm:271 < _startProvider()@resource://gre/modules/AddonManager.jsm:741 < startup()@resource://gre/modules/AddonManager.jsm:908 < startup()@resource://gre/modules/AddonManager.jsm:3122 < observe()@jar:file:///opt/firefox/omni.ja!/components/addonManager.js:65
1527664491855	addons.xpi	DEBUG	Loaded add-on state: ${}
1527664491857	addons.xpi	INFO	Mapping e10srollout@mozilla.org to /opt/firefox/browser/features/e10srollout@mozilla.org.xpi
1527664491857	addons.xpi	INFO	Mapping firefox@getpocket.com to /opt/firefox/browser/features/firefox@getpocket.com.xpi
1527664491857	addons.xpi	INFO	Mapping clicktoplay-rollout@mozilla.org to /opt/firefox/browser/features/clicktoplay-rollout@mozilla.org.xpi
1527664491858	addons.xpi	INFO	Mapping screenshots@mozilla.org to /opt/firefox/browser/features/screenshots@mozilla.org.xpi
1527664491858	addons.xpi	INFO	Mapping aushelper@mozilla.org to /opt/firefox/browser/features/aushelper@mozilla.org.xpi
1527664491858	addons.xpi	INFO	Mapping webcompat@mozilla.org to /opt/firefox/browser/features/webcompat@mozilla.org.xpi
1527664491858	addons.xpi	INFO	Mapping followonsearch@mozilla.com to /opt/firefox/browser/features/followonsearch@mozilla.com.xpi
1527664491859	addons.xpi	INFO	Mapping shield-recipe-client@mozilla.org to /opt/firefox/browser/features/shield-recipe-client@mozilla.org.xpi
1527664491859	addons.xpi	DEBUG	New add-on e10srollout@mozilla.org in app-system-defaults
1527664491860	addons.xpi	INFO	Mapping e10srollout@mozilla.org to /opt/firefox/browser/features/e10srollout@mozilla.org.xpi
1527664491861	addons.xpi	DEBUG	New add-on firefox@getpocket.com in app-system-defaults
1527664491862	addons.xpi	INFO	Mapping firefox@getpocket.com to /opt/firefox/browser/features/firefox@getpocket.com.xpi
1527664491862	addons.xpi	DEBUG	New add-on clicktoplay-rollout@mozilla.org in app-system-defaults
1527664491863	addons.xpi	INFO	Mapping clicktoplay-rollout@mozilla.org to /opt/firefox/browser/features/clicktoplay-rollout@mozilla.org.xpi
1527664491863	addons.xpi	DEBUG	New add-on screenshots@mozilla.org in app-system-defaults
1527664491863	addons.xpi	INFO	Mapping screenshots@mozilla.org to /opt/firefox/browser/features/screenshots@mozilla.org.xpi
1527664491864	addons.xpi	DEBUG	New add-on aushelper@mozilla.org in app-system-defaults
1527664491864	addons.xpi	INFO	Mapping aushelper@mozilla.org to /opt/firefox/browser/features/aushelper@mozilla.org.xpi
1527664491864	addons.xpi	DEBUG	New add-on webcompat@mozilla.org in app-system-defaults
1527664491864	addons.xpi	INFO	Mapping webcompat@mozilla.org to /opt/firefox/browser/features/webcompat@mozilla.org.xpi
1527664491865	addons.xpi	DEBUG	New add-on followonsearch@mozilla.com in app-system-defaults
1527664491865	addons.xpi	INFO	Mapping followonsearch@mozilla.com to /opt/firefox/browser/features/followonsearch@mozilla.com.xpi
1527664491865	addons.xpi	DEBUG	New add-on shield-recipe-client@mozilla.org in app-system-defaults
1527664491865	addons.xpi	INFO	Mapping shield-recipe-client@mozilla.org to /opt/firefox/browser/features/shield-recipe-client@mozilla.org.xpi
1527664491866	addons.xpi	INFO	Mapping {972ce4c6-7e08-4474-a285-3208198ce6fd} to /opt/firefox/browser/extensions/{972ce4c6-7e08-4474-a285-3208198ce6fd}.xpi
1527664491866	addons.xpi	DEBUG	New add-on {972ce4c6-7e08-4474-a285-3208198ce6fd} in app-global
1527664491866	addons.xpi	INFO	Mapping {972ce4c6-7e08-4474-a285-3208198ce6fd} to /opt/firefox/browser/extensions/{972ce4c6-7e08-4474-a285-3208198ce6fd}.xpi
1527664491867	addons.xpi	DEBUG	getInstallState changed: true, state: {}
1527664491867	addons.xpi	INFO	SystemAddonInstallLocation directory is missing
1527664491881	addons.xpi-utils	DEBUG	Opening XPI database /tmp/rust_mozprofile.rVTqWQ2MRzlt/extensions.json
1527664491886	addons.xpi-utils	DEBUG	New add-on e10srollout@mozilla.org installed in app-system-defaults
*** Blocklist::_loadBlocklistFromFile: blocklist is disabled
1527664491929	DeferredSave.extensions.json	DEBUG	Save changes
1527664491931	addons.xpi-utils	DEBUG	New add-on firefox@getpocket.com installed in app-system-defaults
1527664491934	DeferredSave.extensions.json	DEBUG	Starting timer
1527664491938	DeferredSave.extensions.json	DEBUG	Save changes
1527664491938	addons.xpi-utils	DEBUG	New add-on clicktoplay-rollout@mozilla.org installed in app-system-defaults
1527664491943	DeferredSave.extensions.json	DEBUG	Save changes
1527664491943	addons.xpi-utils	DEBUG	New add-on screenshots@mozilla.org installed in app-system-defaults
1527664491951	DeferredSave.extensions.json	DEBUG	Save changes
1527664491952	addons.xpi-utils	DEBUG	New add-on aushelper@mozilla.org installed in app-system-defaults
1527664491955	DeferredSave.extensions.json	DEBUG	Save changes
1527664491956	addons.xpi-utils	DEBUG	New add-on webcompat@mozilla.org installed in app-system-defaults
1527664491971	DeferredSave.extensions.json	DEBUG	Save changes
1527664491971	addons.xpi-utils	DEBUG	New add-on followonsearch@mozilla.com installed in app-system-defaults
1527664491974	DeferredSave.extensions.json	DEBUG	Save changes
1527664491974	addons.xpi-utils	DEBUG	New add-on shield-recipe-client@mozilla.org installed in app-system-defaults
1527664491979	DeferredSave.extensions.json	DEBUG	Save changes
1527664491980	addons.xpi-utils	DEBUG	New add-on {972ce4c6-7e08-4474-a285-3208198ce6fd} installed in app-global
1527664491984	DeferredSave.extensions.json	DEBUG	Save changes
1527664491987	addons.manager	DEBUG	Registering startup change 'installed' for e10srollout@mozilla.org
1527664492010	addons.xpi	DEBUG	Loading bootstrap scope from /opt/firefox/browser/features/e10srollout@mozilla.org.xpi
1527664492014	addons.xpi	DEBUG	Calling bootstrap method install on e10srollout@mozilla.org version 2.0
1527664492016	addons.xpi-utils	DEBUG	Make addon app-system-defaults:e10srollout@mozilla.org visible
1527664492017	addons.xpi	DEBUG	Updating XPIState for {"id":"e10srollout@mozilla.org","syncGUID":"{7e74e98a-822f-4628-b48c-afb53ee220ec}","location":"app-system-defaults","version":"2.0","type":"extension","internalName":null,"updateURL":null,"updateKey":null,"optionsURL":null,"optionsType":null,"aboutURL":null,"defaultLocale":{"name":"Multi-process staged rollout","description":"Staged rollout of Firefox multi-process feature.","creator":null,"homepageURL":null},"visible":true,"active":false,"userDisabled":false,"appDisabled":false,"installDate":1503580993000,"updateDate":1503580993000,"applyBackgroundUpdates":1,"bootstrap":true,"path":"/opt/firefox/browser/features/e10srollout@mozilla.org.xpi","skinnable":false,"size":13287,"sourceURI":null,"releaseNotesURI":null,"softDisabled":false,"foreignInstall":false,"hasBinaryComponents":false,"strictCompatibility":false,"locales":[],"targetApplications":[{"id":"{ec8030f7-c20a-464f-9b0e-13a3a9e97384}","minVersion":"55.0.3","maxVersion":"55.*"}],"targetPlatforms":[],"multiprocessCompatible":true,"seen":true,"dependencies":[],"hasEmbeddedWebExtension":false,"mpcOptedOut":false,"userPermissions":null,"icons":{},"iconURL":null,"icon64URL":null}
1527664492025	DeferredSave.extensions.json	DEBUG	Save changes
1527664492025	addons.manager	DEBUG	Registering startup change 'installed' for firefox@getpocket.com
1527664492027	addons.xpi	DEBUG	Loading bootstrap scope from /opt/firefox/browser/features/firefox@getpocket.com.xpi
1527664492035	addons.xpi	DEBUG	Calling bootstrap method install on firefox@getpocket.com version 1.0.5
1527664492035	addons.xpi-utils	DEBUG	Make addon app-system-defaults:firefox@getpocket.com visible
1527664492037	addons.xpi	DEBUG	Updating XPIState for {"id":"firefox@getpocket.com","syncGUID":"{7dcb3d84-88eb-41bd-9512-73bba441eb66}","location":"app-system-defaults","version":"1.0.5","type":"extension","internalName":null,"updateURL":null,"updateKey":null,"optionsURL":null,"optionsType":null,"aboutURL":null,"defaultLocale":{"name":"Pocket","description":"When you find something you want to view later, put it in Pocket.","creator":null,"homepageURL":null},"visible":true,"active":false,"userDisabled":false,"appDisabled":false,"installDate":1503580993000,"updateDate":1503580993000,"applyBackgroundUpdates":1,"bootstrap":true,"path":"/opt/firefox/browser/features/firefox@getpocket.com.xpi","skinnable":false,"size":855802,"sourceURI":null,"releaseNotesURI":null,"softDisabled":false,"foreignInstall":false,"hasBinaryComponents":false,"strictCompatibility":false,"locales":[],"targetApplications":[{"id":"{ec8030f7-c20a-464f-9b0e-13a3a9e97384}","minVersion":"55.0.3","maxVersion":"55.*"}],"targetPlatforms":[],"multiprocessCompatible":true,"seen":true,"dependencies":[],"hasEmbeddedWebExtension":false,"mpcOptedOut":false,"userPermissions":null,"icons":{},"iconURL":null,"icon64URL":null}
1527664492043	DeferredSave.extensions.json	DEBUG	Save changes
1527664492044	addons.manager	DEBUG	Registering startup change 'installed' for clicktoplay-rollout@mozilla.org
1527664492045	addons.xpi	DEBUG	Loading bootstrap scope from /opt/firefox/browser/features/clicktoplay-rollout@mozilla.org.xpi
1527664492064	addons.xpi	DEBUG	Calling bootstrap method install on clicktoplay-rollout@mozilla.org version 1.2
1527664492064	addons.xpi-utils	DEBUG	Make addon app-system-defaults:clicktoplay-rollout@mozilla.org visible
1527664492065	addons.xpi	DEBUG	Updating XPIState for {"id":"clicktoplay-rollout@mozilla.org","syncGUID":"{2f7ac2e6-1a1b-49fa-bab5-e59eb114d26c}","location":"app-system-defaults","version":"1.2","type":"extension","internalName":null,"updateURL":null,"updateKey":null,"optionsURL":null,"optionsType":null,"aboutURL":null,"defaultLocale":{"name":"Click-to-Play staged rollout","description":"Staged rollout for Click-to-Play Flash.","creator":null,"homepageURL":null},"visible":true,"active":false,"userDisabled":false,"appDisabled":false,"installDate":1503580993000,"updateDate":1503580993000,"applyBackgroundUpdates":1,"bootstrap":true,"path":"/opt/firefox/browser/features/clicktoplay-rollout@mozilla.org.xpi","skinnable":false,"size":5621,"sourceURI":null,"releaseNotesURI":null,"softDisabled":false,"foreignInstall":false,"hasBinaryComponents":false,"strictCompatibility":false,"locales":[],"targetApplications":[{"id":"{ec8030f7-c20a-464f-9b0e-13a3a9e97384}","minVersion":"55.0.3","maxVersion":"55.*"}],"targetPlatforms":[],"multiprocessCompatible":true,"seen":true,"dependencies":[],"hasEmbeddedWebExtension":false,"mpcOptedOut":false,"userPermissions":null,"icons":{},"iconURL":null,"icon64URL":null}
1527664492069	DeferredSave.extensions.json	DEBUG	Save changes
1527664492070	addons.manager	DEBUG	Registering startup change 'installed' for screenshots@mozilla.org
1527664492072	addons.xpi	DEBUG	Loading bootstrap scope from /opt/firefox/browser/features/screenshots@mozilla.org.xpi
1527664492080	addons.xpi	DEBUG	Calling bootstrap method install on screenshots@mozilla.org version 10.12.0
1527664492080	addons.xpi-utils	DEBUG	Make addon app-system-defaults:screenshots@mozilla.org visible
1527664492081	addons.xpi	DEBUG	Updating XPIState for {"id":"screenshots@mozilla.org","syncGUID":"{4ff541e7-d3f4-4692-b75e-edac3f21d24f}","location":"app-system-defaults","version":"10.12.0","type":"extension","internalName":null,"updateURL":null,"updateKey":null,"optionsURL":null,"optionsType":null,"aboutURL":null,"defaultLocale":{"name":"Firefox Screenshots","description":null,"creator":null,"homepageURL":"https://pageshot.net/"},"visible":true,"active":false,"userDisabled":false,"appDisabled":false,"installDate":1503580993000,"updateDate":1503580993000,"applyBackgroundUpdates":1,"bootstrap":true,"path":"/opt/firefox/browser/features/screenshots@mozilla.org.xpi","skinnable":false,"size":714554,"sourceURI":null,"releaseNotesURI":null,"softDisabled":false,"foreignInstall":false,"hasBinaryComponents":false,"strictCompatibility":false,"locales":[],"targetApplications":[{"id":"{ec8030f7-c20a-464f-9b0e-13a3a9e97384}","minVersion":"51.0a1","maxVersion":"*"}],"targetPlatforms":[],"multiprocessCompatible":true,"seen":true,"dependencies":[],"hasEmbeddedWebExtension":false,"mpcOptedOut":false,"userPermissions":null,"icons":{},"iconURL":null,"icon64URL":null}
1527664492085	DeferredSave.extensions.json	DEBUG	Save changes
1527664492087	addons.manager	DEBUG	Registering startup change 'installed' for aushelper@mozilla.org
1527664492088	addons.xpi	DEBUG	Loading bootstrap scope from /opt/firefox/browser/features/aushelper@mozilla.org.xpi
1527664492091	addons.xpi	DEBUG	Calling bootstrap method install on aushelper@mozilla.org version 2.0
1527664492091	addons.xpi-utils	DEBUG	Make addon app-system-defaults:aushelper@mozilla.org visible
1527664492092	addons.xpi	DEBUG	Updating XPIState for {"id":"aushelper@mozilla.org","syncGUID":"{6804e1de-a872-4de6-b54b-315bcea5d4b7}","location":"app-system-defaults","version":"2.0","type":"extension","internalName":null,"updateURL":null,"updateKey":null,"optionsURL":null,"optionsType":null,"aboutURL":null,"defaultLocale":{"name":"Application Update Service Helper","description":"Sets value(s) in the update url based on custom checks.","creator":null,"homepageURL":null},"visible":true,"active":false,"userDisabled":false,"appDisabled":false,"installDate":1503580993000,"updateDate":1503580993000,"applyBackgroundUpdates":1,"bootstrap":true,"path":"/opt/firefox/browser/features/aushelper@mozilla.org.xpi","skinnable":false,"size":8488,"sourceURI":null,"releaseNotesURI":null,"softDisabled":false,"foreignInstall":false,"hasBinaryComponents":false,"strictCompatibility":false,"locales":[],"targetApplications":[{"id":"{ec8030f7-c20a-464f-9b0e-13a3a9e97384}","minVersion":"55.0.3","maxVersion":"55.*"}],"targetPlatforms":[],"multiprocessCompatible":true,"seen":true,"dependencies":[],"hasEmbeddedWebExtension":false,"mpcOptedOut":false,"userPermissions":null,"icons":{},"iconURL":null,"icon64URL":null}
1527664492098	DeferredSave.extensions.json	DEBUG	Save changes
1527664492098	addons.manager	DEBUG	Registering startup change 'installed' for webcompat@mozilla.org
1527664492099	addons.xpi	DEBUG	Loading bootstrap scope from /opt/firefox/browser/features/webcompat@mozilla.org.xpi
1527664492102	addons.xpi	DEBUG	Calling bootstrap method install on webcompat@mozilla.org version 1.1
1527664492102	addons.xpi-utils	DEBUG	Make addon app-system-defaults:webcompat@mozilla.org visible
1527664492103	addons.xpi	DEBUG	Updating XPIState for {"id":"webcompat@mozilla.org","syncGUID":"{58d038c3-498f-4435-8feb-ae04e53eff74}","location":"app-system-defaults","version":"1.1","type":"extension","internalName":null,"updateURL":null,"updateKey":null,"optionsURL":null,"optionsType":null,"aboutURL":null,"defaultLocale":{"name":"Web Compat","description":"Urgent post-release fixes for web compatibility.","creator":null,"homepageURL":null},"visible":true,"active":false,"userDisabled":false,"appDisabled":false,"installDate":1503580993000,"updateDate":1503580993000,"applyBackgroundUpdates":1,"bootstrap":true,"path":"/opt/firefox/browser/features/webcompat@mozilla.org.xpi","skinnable":false,"size":8992,"sourceURI":null,"releaseNotesURI":null,"softDisabled":false,"foreignInstall":false,"hasBinaryComponents":false,"strictCompatibility":false,"locales":[],"targetApplications":[{"id":"{ec8030f7-c20a-464f-9b0e-13a3a9e97384}","minVersion":"55.0.3","maxVersion":"55.*"}],"targetPlatforms":[],"multiprocessCompatible":true,"seen":true,"dependencies":[],"hasEmbeddedWebExtension":false,"mpcOptedOut":false,"userPermissions":null,"icons":{},"iconURL":null,"icon64URL":null}
1527664492109	DeferredSave.extensions.json	DEBUG	Save changes
1527664492109	addons.manager	DEBUG	Registering startup change 'installed' for followonsearch@mozilla.com
1527664492110	addons.xpi	DEBUG	Loading bootstrap scope from /opt/firefox/browser/features/followonsearch@mozilla.com.xpi
1527664492115	addons.xpi	DEBUG	Calling bootstrap method install on followonsearch@mozilla.com version 0.9.1
1527664492116	addons.xpi-utils	DEBUG	Make addon app-system-defaults:followonsearch@mozilla.com visible
1527664492118	addons.xpi	DEBUG	Updating XPIState for {"id":"followonsearch@mozilla.com","syncGUID":"{697c6ad7-ca7c-41f1-b994-dc117bef8596}","location":"app-system-defaults","version":"0.9.1","type":"extension","internalName":null,"updateURL":null,"updateKey":null,"optionsURL":null,"optionsType":null,"aboutURL":null,"defaultLocale":{"name":"Follow-on Search Telemetry","description":null,"creator":null,"homepageURL":null},"visible":true,"active":false,"userDisabled":false,"appDisabled":false,"installDate":1503580993000,"updateDate":1503580993000,"applyBackgroundUpdates":1,"bootstrap":true,"path":"/opt/firefox/browser/features/followonsearch@mozilla.com.xpi","skinnable":false,"size":16730,"sourceURI":null,"releaseNotesURI":null,"softDisabled":false,"foreignInstall":false,"hasBinaryComponents":false,"strictCompatibility":false,"locales":[],"targetApplications":[{"id":"{ec8030f7-c20a-464f-9b0e-13a3a9e97384}","minVersion":"52.0","maxVersion":"59.*"}],"targetPlatforms":[],"multiprocessCompatible":true,"seen":true,"dependencies":[],"hasEmbeddedWebExtension":false,"mpcOptedOut":false,"userPermissions":null,"icons":{},"iconURL":null,"icon64URL":null}
1527664492122	DeferredSave.extensions.json	DEBUG	Save changes
1527664492124	addons.manager	DEBUG	Registering startup change 'installed' for shield-recipe-client@mozilla.org
1527664492130	addons.xpi	DEBUG	Loading bootstrap scope from /opt/firefox/browser/features/shield-recipe-client@mozilla.org.xpi
1527664492135	addons.xpi	DEBUG	Calling bootstrap method install on shield-recipe-client@mozilla.org version 55.1
1527664492136	addons.xpi-utils	DEBUG	Make addon app-system-defaults:shield-recipe-client@mozilla.org visible
1527664492137	addons.xpi	DEBUG	Updating XPIState for {"id":"shield-recipe-client@mozilla.org","syncGUID":"{621c7efb-00b2-4ec5-bef5-b81617989f76}","location":"app-system-defaults","version":"55.1","type":"extension","internalName":null,"updateURL":null,"updateKey":null,"optionsURL":null,"optionsType":null,"aboutURL":null,"defaultLocale":{"name":"Shield Recipe Client","description":"Client to download and run recipes for SHIELD, Heartbeat, etc.","creator":null,"homepageURL":null},"visible":true,"active":false,"userDisabled":false,"appDisabled":false,"installDate":1503580993000,"updateDate":1503580993000,"applyBackgroundUpdates":1,"bootstrap":true,"path":"/opt/firefox/browser/features/shield-recipe-client@mozilla.org.xpi","skinnable":false,"size":140305,"sourceURI":null,"releaseNotesURI":null,"softDisabled":false,"foreignInstall":false,"hasBinaryComponents":false,"strictCompatibility":false,"locales":[],"targetApplications":[{"id":"{ec8030f7-c20a-464f-9b0e-13a3a9e97384}","minVersion":"55.0.3","maxVersion":"55.*"}],"targetPlatforms":[],"multiprocessCompatible":true,"seen":true,"dependencies":[],"hasEmbeddedWebExtension":false,"mpcOptedOut":false,"userPermissions":null,"icons":{},"iconURL":null,"icon64URL":null}
1527664492143	DeferredSave.extensions.json	DEBUG	Save changes
1527664492143	addons.xpi-utils	DEBUG	Make addon app-global:{972ce4c6-7e08-4474-a285-3208198ce6fd} visible
1527664492143	addons.xpi	DEBUG	Updating XPIState for {"id":"{972ce4c6-7e08-4474-a285-3208198ce6fd}","syncGUID":"{fefa6762-94d9-47c5-a4f4-4df25dc74104}","location":"app-global","version":"55.0.3","type":"theme","internalName":"classic/1.0","updateURL":null,"updateKey":null,"optionsURL":null,"optionsType":null,"optionsBrowserStyle":null,"aboutURL":null,"defaultLocale":{"name":"Default","description":"The default theme.","creator":"Mozilla","homepageURL":null,"contributors":["Mozilla Contributors"]},"visible":true,"active":false,"userDisabled":false,"appDisabled":false,"installDate":1503580993000,"updateDate":1503580993000,"applyBackgroundUpdates":1,"path":"/opt/firefox/browser/extensions/{972ce4c6-7e08-4474-a285-3208198ce6fd}.xpi","skinnable":true,"size":2918,"sourceURI":null,"releaseNotesURI":null,"softDisabled":false,"foreignInstall":false,"hasBinaryComponents":false,"strictCompatibility":true,"locales":[],"targetApplications":[{"id":"{ec8030f7-c20a-464f-9b0e-13a3a9e97384}","minVersion":"55.0.3","maxVersion":"55.0.3"}],"targetPlatforms":[],"seen":true,"dependencies":[],"hasEmbeddedWebExtension":false,"userPermissions":null,"icons":{},"iconURL":"chrome://browser/content/default-theme-icon.svg","icon64URL":null}
1527664492144	DeferredSave.extensions.json	DEBUG	Save changes
1527664492145	addons.xpi	DEBUG	Updating XPIState for {"id":"e10srollout@mozilla.org","syncGUID":"{7e74e98a-822f-4628-b48c-afb53ee220ec}","location":"app-system-defaults","version":"2.0","type":"extension","internalName":null,"updateURL":null,"updateKey":null,"optionsURL":null,"optionsType":null,"aboutURL":null,"defaultLocale":{"name":"Multi-process staged rollout","description":"Staged rollout of Firefox multi-process feature.","creator":null,"homepageURL":null},"visible":true,"active":true,"userDisabled":false,"appDisabled":false,"installDate":1503580993000,"updateDate":1503580993000,"applyBackgroundUpdates":1,"bootstrap":true,"path":"/opt/firefox/browser/features/e10srollout@mozilla.org.xpi","skinnable":false,"size":13287,"sourceURI":null,"releaseNotesURI":null,"softDisabled":false,"foreignInstall":false,"hasBinaryComponents":false,"strictCompatibility":false,"locales":[],"targetApplications":[{"id":"{ec8030f7-c20a-464f-9b0e-13a3a9e97384}","minVersion":"55.0.3","maxVersion":"55.*"}],"targetPlatforms":[],"multiprocessCompatible":true,"seen":true,"dependencies":[],"hasEmbeddedWebExtension":false,"mpcOptedOut":false,"userPermissions":null,"icons":{},"iconURL":null,"icon64URL":null}
1527664492146	addons.xpi	DEBUG	Updating XPIState for {"id":"firefox@getpocket.com","syncGUID":"{7dcb3d84-88eb-41bd-9512-73bba441eb66}","location":"app-system-defaults","version":"1.0.5","type":"extension","internalName":null,"updateURL":null,"updateKey":null,"optionsURL":null,"optionsType":null,"aboutURL":null,"defaultLocale":{"name":"Pocket","description":"When you find something you want to view later, put it in Pocket.","creator":null,"homepageURL":null},"visible":true,"active":true,"userDisabled":false,"appDisabled":false,"installDate":1503580993000,"updateDate":1503580993000,"applyBackgroundUpdates":1,"bootstrap":true,"path":"/opt/firefox/browser/features/firefox@getpocket.com.xpi","skinnable":false,"size":855802,"sourceURI":null,"releaseNotesURI":null,"softDisabled":false,"foreignInstall":false,"hasBinaryComponents":false,"strictCompatibility":false,"locales":[],"targetApplications":[{"id":"{ec8030f7-c20a-464f-9b0e-13a3a9e97384}","minVersion":"55.0.3","maxVersion":"55.*"}],"targetPlatforms":[],"multiprocessCompatible":true,"seen":true,"dependencies":[],"hasEmbeddedWebExtension":false,"mpcOptedOut":false,"userPermissions":null,"icons":{},"iconURL":null,"icon64URL":null}
1527664492146	addons.xpi	DEBUG	Updating XPIState for {"id":"clicktoplay-rollout@mozilla.org","syncGUID":"{2f7ac2e6-1a1b-49fa-bab5-e59eb114d26c}","location":"app-system-defaults","version":"1.2","type":"extension","internalName":null,"updateURL":null,"updateKey":null,"optionsURL":null,"optionsType":null,"aboutURL":null,"defaultLocale":{"name":"Click-to-Play staged rollout","description":"Staged rollout for Click-to-Play Flash.","creator":null,"homepageURL":null},"visible":true,"active":true,"userDisabled":false,"appDisabled":false,"installDate":1503580993000,"updateDate":1503580993000,"applyBackgroundUpdates":1,"bootstrap":true,"path":"/opt/firefox/browser/features/clicktoplay-rollout@mozilla.org.xpi","skinnable":false,"size":5621,"sourceURI":null,"releaseNotesURI":null,"softDisabled":false,"foreignInstall":false,"hasBinaryComponents":false,"strictCompatibility":false,"locales":[],"targetApplications":[{"id":"{ec8030f7-c20a-464f-9b0e-13a3a9e97384}","minVersion":"55.0.3","maxVersion":"55.*"}],"targetPlatforms":[],"multiprocessCompatible":true,"seen":true,"dependencies":[],"hasEmbeddedWebExtension":false,"mpcOptedOut":false,"userPermissions":null,"icons":{},"iconURL":null,"icon64URL":null}
1527664492147	addons.xpi	DEBUG	Updating XPIState for {"id":"screenshots@mozilla.org","syncGUID":"{4ff541e7-d3f4-4692-b75e-edac3f21d24f}","location":"app-system-defaults","version":"10.12.0","type":"extension","internalName":null,"updateURL":null,"updateKey":null,"optionsURL":null,"optionsType":null,"aboutURL":null,"defaultLocale":{"name":"Firefox Screenshots","description":null,"creator":null,"homepageURL":"https://pageshot.net/"},"visible":true,"active":true,"userDisabled":false,"appDisabled":false,"installDate":1503580993000,"updateDate":1503580993000,"applyBackgroundUpdates":1,"bootstrap":true,"path":"/opt/firefox/browser/features/screenshots@mozilla.org.xpi","skinnable":false,"size":714554,"sourceURI":null,"releaseNotesURI":null,"softDisabled":false,"foreignInstall":false,"hasBinaryComponents":false,"strictCompatibility":false,"locales":[],"targetApplications":[{"id":"{ec8030f7-c20a-464f-9b0e-13a3a9e97384}","minVersion":"51.0a1","maxVersion":"*"}],"targetPlatforms":[],"multiprocessCompatible":true,"seen":true,"dependencies":[],"hasEmbeddedWebExtension":false,"mpcOptedOut":false,"userPermissions":null,"icons":{},"iconURL":null,"icon64URL":null}
1527664492162	addons.xpi	DEBUG	Updating XPIState for {"id":"aushelper@mozilla.org","syncGUID":"{6804e1de-a872-4de6-b54b-315bcea5d4b7}","location":"app-system-defaults","version":"2.0","type":"extension","internalName":null,"updateURL":null,"updateKey":null,"optionsURL":null,"optionsType":null,"aboutURL":null,"defaultLocale":{"name":"Application Update Service Helper","description":"Sets value(s) in the update url based on custom checks.","creator":null,"homepageURL":null},"visible":true,"active":true,"userDisabled":false,"appDisabled":false,"installDate":1503580993000,"updateDate":1503580993000,"applyBackgroundUpdates":1,"bootstrap":true,"path":"/opt/firefox/browser/features/aushelper@mozilla.org.xpi","skinnable":false,"size":8488,"sourceURI":null,"releaseNotesURI":null,"softDisabled":false,"foreignInstall":false,"hasBinaryComponents":false,"strictCompatibility":false,"locales":[],"targetApplications":[{"id":"{ec8030f7-c20a-464f-9b0e-13a3a9e97384}","minVersion":"55.0.3","maxVersion":"55.*"}],"targetPlatforms":[],"multiprocessCompatible":true,"seen":true,"dependencies":[],"hasEmbeddedWebExtension":false,"mpcOptedOut":false,"userPermissions":null,"icons":{},"iconURL":null,"icon64URL":null}
1527664492163	addons.xpi	DEBUG	Updating XPIState for {"id":"webcompat@mozilla.org","syncGUID":"{58d038c3-498f-4435-8feb-ae04e53eff74}","location":"app-system-defaults","version":"1.1","type":"extension","internalName":null,"updateURL":null,"updateKey":null,"optionsURL":null,"optionsType":null,"aboutURL":null,"defaultLocale":{"name":"Web Compat","description":"Urgent post-release fixes for web compatibility.","creator":null,"homepageURL":null},"visible":true,"active":true,"userDisabled":false,"appDisabled":false,"installDate":1503580993000,"updateDate":1503580993000,"applyBackgroundUpdates":1,"bootstrap":true,"path":"/opt/firefox/browser/features/webcompat@mozilla.org.xpi","skinnable":false,"size":8992,"sourceURI":null,"releaseNotesURI":null,"softDisabled":false,"foreignInstall":false,"hasBinaryComponents":false,"strictCompatibility":false,"locales":[],"targetApplications":[{"id":"{ec8030f7-c20a-464f-9b0e-13a3a9e97384}","minVersion":"55.0.3","maxVersion":"55.*"}],"targetPlatforms":[],"multiprocessCompatible":true,"seen":true,"dependencies":[],"hasEmbeddedWebExtension":false,"mpcOptedOut":false,"userPermissions":null,"icons":{},"iconURL":null,"icon64URL":null}
1527664492164	addons.xpi	DEBUG	Updating XPIState for {"id":"followonsearch@mozilla.com","syncGUID":"{697c6ad7-ca7c-41f1-b994-dc117bef8596}","location":"app-system-defaults","version":"0.9.1","type":"extension","internalName":null,"updateURL":null,"updateKey":null,"optionsURL":null,"optionsType":null,"aboutURL":null,"defaultLocale":{"name":"Follow-on Search Telemetry","description":null,"creator":null,"homepageURL":null},"visible":true,"active":true,"userDisabled":false,"appDisabled":false,"installDate":1503580993000,"updateDate":1503580993000,"applyBackgroundUpdates":1,"bootstrap":true,"path":"/opt/firefox/browser/features/followonsearch@mozilla.com.xpi","skinnable":false,"size":16730,"sourceURI":null,"releaseNotesURI":null,"softDisabled":false,"foreignInstall":false,"hasBinaryComponents":false,"strictCompatibility":false,"locales":[],"targetApplications":[{"id":"{ec8030f7-c20a-464f-9b0e-13a3a9e97384}","minVersion":"52.0","maxVersion":"59.*"}],"targetPlatforms":[],"multiprocessCompatible":true,"seen":true,"dependencies":[],"hasEmbeddedWebExtension":false,"mpcOptedOut":false,"userPermissions":null,"icons":{},"iconURL":null,"icon64URL":null}
1527664492164	addons.xpi	DEBUG	Updating XPIState for {"id":"shield-recipe-client@mozilla.org","syncGUID":"{621c7efb-00b2-4ec5-bef5-b81617989f76}","location":"app-system-defaults","version":"55.1","type":"extension","internalName":null,"updateURL":null,"updateKey":null,"optionsURL":null,"optionsType":null,"aboutURL":null,"defaultLocale":{"name":"Shield Recipe Client","description":"Client to download and run recipes for SHIELD, Heartbeat, etc.","creator":null,"homepageURL":null},"visible":true,"active":true,"userDisabled":false,"appDisabled":false,"installDate":1503580993000,"updateDate":1503580993000,"applyBackgroundUpdates":1,"bootstrap":true,"path":"/opt/firefox/browser/features/shield-recipe-client@mozilla.org.xpi","skinnable":false,"size":140305,"sourceURI":null,"releaseNotesURI":null,"softDisabled":false,"foreignInstall":false,"hasBinaryComponents":false,"strictCompatibility":false,"locales":[],"targetApplications":[{"id":"{ec8030f7-c20a-464f-9b0e-13a3a9e97384}","minVersion":"55.0.3","maxVersion":"55.*"}],"targetPlatforms":[],"multiprocessCompatible":true,"seen":true,"dependencies":[],"hasEmbeddedWebExtension":false,"mpcOptedOut":false,"userPermissions":null,"icons":{},"iconURL":null,"icon64URL":null}
1527664492165	addons.xpi	DEBUG	Updating XPIState for {"id":"{972ce4c6-7e08-4474-a285-3208198ce6fd}","syncGUID":"{fefa6762-94d9-47c5-a4f4-4df25dc74104}","location":"app-global","version":"55.0.3","type":"theme","internalName":"classic/1.0","updateURL":null,"updateKey":null,"optionsURL":null,"optionsType":null,"optionsBrowserStyle":null,"aboutURL":null,"defaultLocale":{"name":"Default","description":"The default theme.","creator":"Mozilla","homepageURL":null,"contributors":["Mozilla Contributors"]},"visible":true,"active":true,"userDisabled":false,"appDisabled":false,"installDate":1503580993000,"updateDate":1503580993000,"applyBackgroundUpdates":1,"path":"/opt/firefox/browser/extensions/{972ce4c6-7e08-4474-a285-3208198ce6fd}.xpi","skinnable":true,"size":2918,"sourceURI":null,"releaseNotesURI":null,"softDisabled":false,"foreignInstall":false,"hasBinaryComponents":false,"strictCompatibility":true,"locales":[],"targetApplications":[{"id":"{ec8030f7-c20a-464f-9b0e-13a3a9e97384}","minVersion":"55.0.3","maxVersion":"55.0.3"}],"targetPlatforms":[],"seen":true,"dependencies":[],"hasEmbeddedWebExtension":false,"userPermissions":null,"icons":{},"iconURL":"chrome://browser/content/default-theme-icon.svg","icon64URL":null}
1527664492166	DeferredSave.extensions.json	DEBUG	Save changes
1527664492166	addons.xpi	DEBUG	Updating database with changes to installed add-ons
1527664492166	addons.xpi-utils	DEBUG	Updating add-on states
1527664492172	addons.xpi	DEBUG	Registering manifest for /opt/firefox/browser/features/aushelper@mozilla.org.xpi
1527664492173	addons.xpi	DEBUG	Calling bootstrap method startup on aushelper@mozilla.org version 2.0
1527664492174	addons.xpi	DEBUG	Registering manifest for /opt/firefox/browser/features/clicktoplay-rollout@mozilla.org.xpi
1527664492175	addons.xpi	DEBUG	Calling bootstrap method startup on clicktoplay-rollout@mozilla.org version 1.2
1527664492408	addons.xpi	DEBUG	Registering manifest for /opt/firefox/browser/features/e10srollout@mozilla.org.xpi
1527664492408	addons.xpi	DEBUG	Calling bootstrap method startup on e10srollout@mozilla.org version 2.0
1527664492408	addons.xpi	DEBUG	Registering manifest for /opt/firefox/browser/features/firefox@getpocket.com.xpi
1527664492409	addons.xpi	DEBUG	Calling bootstrap method startup on firefox@getpocket.com version 1.0.5
1527664492450	addons.xpi	DEBUG	Registering manifest for /opt/firefox/browser/features/followonsearch@mozilla.com.xpi
1527664492450	addons.xpi	DEBUG	Calling bootstrap method startup on followonsearch@mozilla.com version 0.9.1
1527664492451	addons.xpi	DEBUG	Registering manifest for /opt/firefox/browser/features/screenshots@mozilla.org.xpi
1527664492452	addons.xpi	DEBUG	Calling bootstrap method startup on screenshots@mozilla.org version 10.12.0
1527664492452	addons.xpi	DEBUG	Registering manifest for /opt/firefox/browser/features/shield-recipe-client@mozilla.org.xpi
1527664492453	addons.xpi	DEBUG	Calling bootstrap method startup on shield-recipe-client@mozilla.org version 55.1
1527664492460	addons.xpi	DEBUG	Registering manifest for /opt/firefox/browser/features/webcompat@mozilla.org.xpi
1527664492461	addons.xpi	DEBUG	Calling bootstrap method startup on webcompat@mozilla.org version 1.1
1527664492465	addons.manager	DEBUG	Registering shutdown blocker for XPIProvider
1527664492466	addons.manager	DEBUG	Provider finished startup: XPIProvider
1527664492466	addons.manager	DEBUG	Starting provider: LightweightThemeManager
1527664492466	addons.manager	DEBUG	Registering shutdown blocker for LightweightThemeManager
1527664492466	addons.manager	DEBUG	Provider finished startup: LightweightThemeManager
1527664492467	addons.manager	DEBUG	Starting provider: GMPProvider
1527664492471	addons.manager	DEBUG	Registering shutdown blocker for GMPProvider
1527664492471	addons.manager	DEBUG	Provider finished startup: GMPProvider
1527664492472	addons.manager	DEBUG	Starting provider: PluginProvider
1527664492472	addons.manager	DEBUG	Registering shutdown blocker for PluginProvider
1527664492472	addons.manager	DEBUG	Provider finished startup: PluginProvider
1527664492473	addons.manager	DEBUG	Completed startup sequence
1527664492780	Marionette	INFO	Enabled via --marionette
1527664493412	addons.manager	DEBUG	Starting provider: PreviousExperimentProvider
1527664493412	addons.manager	DEBUG	Registering shutdown blocker for PreviousExperimentProvider
1527664493412	addons.manager	DEBUG	Provider finished startup: PreviousExperimentProvider
1527664493414	DeferredSave.extensions.json	DEBUG	Starting write
1527664493524	DeferredSave.extensions.json	DEBUG	Write succeeded
1527664493524	addons.xpi-utils	DEBUG	XPI Database saved, setting schema version preference to 21
1527664494993	addons.manager	DEBUG	Starting provider: <unnamed-provider>
1527664494993	addons.manager	DEBUG	Registering shutdown blocker for <unnamed-provider>
1527664494993	addons.manager	DEBUG	Provider finished startup: <unnamed-provider>
1527664494997	addons.xpi	INFO	Mapping e10srollout@mozilla.org to /opt/firefox/browser/features/e10srollout@mozilla.org.xpi
1527664494997	addons.xpi	INFO	Mapping firefox@getpocket.com to /opt/firefox/browser/features/firefox@getpocket.com.xpi
1527664494998	addons.xpi	INFO	Mapping clicktoplay-rollout@mozilla.org to /opt/firefox/browser/features/clicktoplay-rollout@mozilla.org.xpi
1527664494998	addons.xpi	INFO	Mapping screenshots@mozilla.org to /opt/firefox/browser/features/screenshots@mozilla.org.xpi
1527664494998	addons.xpi	INFO	Mapping aushelper@mozilla.org to /opt/firefox/browser/features/aushelper@mozilla.org.xpi
1527664494998	addons.xpi	INFO	Mapping webcompat@mozilla.org to /opt/firefox/browser/features/webcompat@mozilla.org.xpi
1527664494998	addons.xpi	INFO	Mapping followonsearch@mozilla.com to /opt/firefox/browser/features/followonsearch@mozilla.com.xpi
1527664494998	addons.xpi	INFO	Mapping shield-recipe-client@mozilla.org to /opt/firefox/browser/features/shield-recipe-client@mozilla.org.xpi
1527664494999	addons.xpi	DEBUG	Existing add-on e10srollout@mozilla.org in app-system-defaults
1527664494999	addons.xpi	DEBUG	Existing add-on firefox@getpocket.com in app-system-defaults
1527664494999	addons.xpi	DEBUG	Existing add-on clicktoplay-rollout@mozilla.org in app-system-defaults
1527664495000	addons.xpi	DEBUG	Existing add-on screenshots@mozilla.org in app-system-defaults
1527664495000	addons.xpi	DEBUG	Existing add-on aushelper@mozilla.org in app-system-defaults
1527664495000	addons.xpi	DEBUG	Existing add-on webcompat@mozilla.org in app-system-defaults
1527664495000	addons.xpi	DEBUG	Existing add-on followonsearch@mozilla.com in app-system-defaults
1527664495001	addons.xpi	DEBUG	Existing add-on shield-recipe-client@mozilla.org in app-system-defaults
1527664495001	addons.xpi	INFO	Mapping {972ce4c6-7e08-4474-a285-3208198ce6fd} to /opt/firefox/browser/extensions/{972ce4c6-7e08-4474-a285-3208198ce6fd}.xpi
1527664495001	addons.xpi	DEBUG	Existing add-on {972ce4c6-7e08-4474-a285-3208198ce6fd} in app-global
1527664495001	addons.xpi	DEBUG	getInstallState changed: false, state: {}
1527664495591	addons.productaddons	INFO	sending request to: https://aus5.mozilla.org/update/3/GMP/55.0.3/20170824123605/Linux_x86_64-gcc3/en-US/release/Linux%204.13.0-43-generic%20(GTK%203.18.9%2Clibpulse%208.0.0)/default/default/update.xml
1527664495665	Marionette	INFO	Listening on port 41003
JavaScript error: chrome://marionette/content/server.js, line 337: NS_ERROR_SOCKET_ADDRESS_IN_USE: Component returned failure code: 0x804b0036 (NS_ERROR_SOCKET_ADDRESS_IN_USE) [nsIServerSocket.initSpecialConnection]
1527664495756	Marionette	WARN	TLS certificate errors will be ignored for this session
1527664495803	Marionette	DEBUG	loaded listener.js
May 30, 2018 12:44:55 PM org.openqa.selenium.remote.ProtocolHandshake createSession
INFO: Detected dialect: W3C
1527664496077	geckodriver	INFO	geckodriver 0.20.0
1527664496087	geckodriver	INFO	Listening on 127.0.0.1:7088
1527664496114	mozrunner::runner	INFO	Running command: "/opt/firefox/firefox" "-marionette" "-profile" "/tmp/rust_mozprofile.ol2dq26Bppxg"
1527664496399	addons.manager	DEBUG	Application has been upgraded
1527664496622	addons.productaddons	INFO	Completed downloading document
1527664496815	addons.manager	DEBUG	Loaded provider scope for resource://gre/modules/addons/XPIProvider.jsm: ["XPIProvider", "XPIInternal"]
1527664496819	addons.manager	DEBUG	Loaded provider scope for resource://gre/modules/LightweightThemeManager.jsm: ["LightweightThemeManager"]
1527664496845	addons.manager	DEBUG	Loaded provider scope for resource://gre/modules/addons/GMPProvider.jsm
1527664496850	addons.manager	DEBUG	Loaded provider scope for resource://gre/modules/addons/PluginProvider.jsm
1527664496851	addons.manager	DEBUG	Starting provider: XPIProvider
1527664496852	addons.xpi	DEBUG	startup
1527664496852	addons.xpi	INFO	SystemAddonInstallLocation directory is missing
1527664496852	addons.xpi	INFO	Removing all system add-on upgrades.
1527664496854	addons.xpi	DEBUG	checkForChanges
1527664496854	addons.xpi	WARN	Error parsing extensions state: [Exception... "Component returned failure code: 0x80520012 (NS_ERROR_FILE_NOT_FOUND) [amIAddonManagerStartup.readStartupData]"  nsresult: "0x80520012 (NS_ERROR_FILE_NOT_FOUND)"  location: "JS frame :: resource://gre/modules/addons/XPIProvider.jsm :: loadExtensionState :: line 1596"  data: no] Stack trace: loadExtensionState()@resource://gre/modules/addons/XPIProvider.jsm:1596 < getInstallState()@resource://gre/modules/addons/XPIProvider.jsm:1631 < checkForChanges()@resource://gre/modules/addons/XPIProvider.jsm:3152 < startup()@resource://gre/modules/addons/XPIProvider.jsm:2246 < callProvider()@resource://gre/modules/AddonManager.jsm:271 < _startProvider()@resource://gre/modules/AddonManager.jsm:741 < startup()@resource://gre/modules/AddonManager.jsm:908 < startup()@resource://gre/modules/AddonManager.jsm:3122 < observe()@jar:file:///opt/firefox/omni.ja!/components/addonManager.js:65
1527664496856	addons.xpi	DEBUG	Loaded add-on state: ${}
1527664496857	addons.xpi	INFO	Mapping e10srollout@mozilla.org to /opt/firefox/browser/features/e10srollout@mozilla.org.xpi
1527664496858	addons.xpi	INFO	Mapping firefox@getpocket.com to /opt/firefox/browser/features/firefox@getpocket.com.xpi
1527664496858	addons.xpi	INFO	Mapping clicktoplay-rollout@mozilla.org to /opt/firefox/browser/features/clicktoplay-rollout@mozilla.org.xpi
1527664496858	addons.xpi	INFO	Mapping screenshots@mozilla.org to /opt/firefox/browser/features/screenshots@mozilla.org.xpi
1527664496858	addons.xpi	INFO	Mapping aushelper@mozilla.org to /opt/firefox/browser/features/aushelper@mozilla.org.xpi
1527664496858	addons.xpi	INFO	Mapping webcompat@mozilla.org to /opt/firefox/browser/features/webcompat@mozilla.org.xpi
1527664496859	addons.xpi	INFO	Mapping followonsearch@mozilla.com to /opt/firefox/browser/features/followonsearch@mozilla.com.xpi
1527664496859	addons.xpi	INFO	Mapping shield-recipe-client@mozilla.org to /opt/firefox/browser/features/shield-recipe-client@mozilla.org.xpi
1527664496859	addons.xpi	DEBUG	New add-on e10srollout@mozilla.org in app-system-defaults
1527664496860	addons.xpi	INFO	Mapping e10srollout@mozilla.org to /opt/firefox/browser/features/e10srollout@mozilla.org.xpi
1527664496861	addons.xpi	DEBUG	New add-on firefox@getpocket.com in app-system-defaults
1527664496862	addons.xpi	INFO	Mapping firefox@getpocket.com to /opt/firefox/browser/features/firefox@getpocket.com.xpi
1527664496862	addons.xpi	DEBUG	New add-on clicktoplay-rollout@mozilla.org in app-system-defaults
1527664496863	addons.xpi	INFO	Mapping clicktoplay-rollout@mozilla.org to /opt/firefox/browser/features/clicktoplay-rollout@mozilla.org.xpi
1527664496863	addons.xpi	DEBUG	New add-on screenshots@mozilla.org in app-system-defaults
1527664496863	addons.xpi	INFO	Mapping screenshots@mozilla.org to /opt/firefox/browser/features/screenshots@mozilla.org.xpi
1527664496864	addons.xpi	DEBUG	New add-on aushelper@mozilla.org in app-system-defaults
1527664496864	addons.xpi	INFO	Mapping aushelper@mozilla.org to /opt/firefox/browser/features/aushelper@mozilla.org.xpi
1527664496864	addons.xpi	DEBUG	New add-on webcompat@mozilla.org in app-system-defaults
1527664496864	addons.xpi	INFO	Mapping webcompat@mozilla.org to /opt/firefox/browser/features/webcompat@mozilla.org.xpi
1527664496865	addons.xpi	DEBUG	New add-on followonsearch@mozilla.com in app-system-defaults
1527664496865	addons.xpi	INFO	Mapping followonsearch@mozilla.com to /opt/firefox/browser/features/followonsearch@mozilla.com.xpi
1527664496865	addons.xpi	DEBUG	New add-on shield-recipe-client@mozilla.org in app-system-defaults
1527664496865	addons.xpi	INFO	Mapping shield-recipe-client@mozilla.org to /opt/firefox/browser/features/shield-recipe-client@mozilla.org.xpi
1527664496866	addons.xpi	INFO	Mapping {972ce4c6-7e08-4474-a285-3208198ce6fd} to /opt/firefox/browser/extensions/{972ce4c6-7e08-4474-a285-3208198ce6fd}.xpi
1527664496866	addons.xpi	DEBUG	New add-on {972ce4c6-7e08-4474-a285-3208198ce6fd} in app-global
1527664496866	addons.xpi	INFO	Mapping {972ce4c6-7e08-4474-a285-3208198ce6fd} to /opt/firefox/browser/extensions/{972ce4c6-7e08-4474-a285-3208198ce6fd}.xpi
1527664496866	addons.xpi	DEBUG	getInstallState changed: true, state: {}
1527664496867	addons.xpi	INFO	SystemAddonInstallLocation directory is missing
1527664496878	addons.xpi-utils	DEBUG	Opening XPI database /tmp/rust_mozprofile.ol2dq26Bppxg/extensions.json
1527664496881	addons.xpi-utils	DEBUG	New add-on e10srollout@mozilla.org installed in app-system-defaults
*** Blocklist::_loadBlocklistFromFile: blocklist is disabled
1527664496911	DeferredSave.extensions.json	DEBUG	Save changes
1527664496913	addons.xpi-utils	DEBUG	New add-on firefox@getpocket.com installed in app-system-defaults
1527664496916	DeferredSave.extensions.json	DEBUG	Starting timer
1527664496920	DeferredSave.extensions.json	DEBUG	Save changes
1527664496921	addons.xpi-utils	DEBUG	New add-on clicktoplay-rollout@mozilla.org installed in app-system-defaults
1527664496925	DeferredSave.extensions.json	DEBUG	Save changes
1527664496925	addons.xpi-utils	DEBUG	New add-on screenshots@mozilla.org installed in app-system-defaults
1527664496930	DeferredSave.extensions.json	DEBUG	Save changes
1527664496931	addons.xpi-utils	DEBUG	New add-on aushelper@mozilla.org installed in app-system-defaults
1527664496933	DeferredSave.extensions.json	DEBUG	Save changes
1527664496934	addons.xpi-utils	DEBUG	New add-on webcompat@mozilla.org installed in app-system-defaults
1527664496937	DeferredSave.extensions.json	DEBUG	Save changes
1527664496938	addons.xpi-utils	DEBUG	New add-on followonsearch@mozilla.com installed in app-system-defaults
1527664496940	DeferredSave.extensions.json	DEBUG	Save changes
1527664496940	addons.xpi-utils	DEBUG	New add-on shield-recipe-client@mozilla.org installed in app-system-defaults
1527664496943	DeferredSave.extensions.json	DEBUG	Save changes
1527664496943	addons.xpi-utils	DEBUG	New add-on {972ce4c6-7e08-4474-a285-3208198ce6fd} installed in app-global
1527664496946	DeferredSave.extensions.json	DEBUG	Save changes
1527664496946	addons.manager	DEBUG	Registering startup change 'installed' for e10srollout@mozilla.org
1527664496957	addons.xpi	DEBUG	Loading bootstrap scope from /opt/firefox/browser/features/e10srollout@mozilla.org.xpi
1527664496960	addons.xpi	DEBUG	Calling bootstrap method install on e10srollout@mozilla.org version 2.0
1527664496961	addons.xpi-utils	DEBUG	Make addon app-system-defaults:e10srollout@mozilla.org visible
1527664496962	addons.xpi	DEBUG	Updating XPIState for {"id":"e10srollout@mozilla.org","syncGUID":"{23011677-8556-45eb-aa0e-05e7f5b030da}","location":"app-system-defaults","version":"2.0","type":"extension","internalName":null,"updateURL":null,"updateKey":null,"optionsURL":null,"optionsType":null,"aboutURL":null,"defaultLocale":{"name":"Multi-process staged rollout","description":"Staged rollout of Firefox multi-process feature.","creator":null,"homepageURL":null},"visible":true,"active":false,"userDisabled":false,"appDisabled":false,"installDate":1503580993000,"updateDate":1503580993000,"applyBackgroundUpdates":1,"bootstrap":true,"path":"/opt/firefox/browser/features/e10srollout@mozilla.org.xpi","skinnable":false,"size":13287,"sourceURI":null,"releaseNotesURI":null,"softDisabled":false,"foreignInstall":false,"hasBinaryComponents":false,"strictCompatibility":false,"locales":[],"targetApplications":[{"id":"{ec8030f7-c20a-464f-9b0e-13a3a9e97384}","minVersion":"55.0.3","maxVersion":"55.*"}],"targetPlatforms":[],"multiprocessCompatible":true,"seen":true,"dependencies":[],"hasEmbeddedWebExtension":false,"mpcOptedOut":false,"userPermissions":null,"icons":{},"iconURL":null,"icon64URL":null}
1527664496968	DeferredSave.extensions.json	DEBUG	Save changes
1527664496969	addons.manager	DEBUG	Registering startup change 'installed' for firefox@getpocket.com
1527664496970	addons.xpi	DEBUG	Loading bootstrap scope from /opt/firefox/browser/features/firefox@getpocket.com.xpi
1527664496975	addons.xpi	DEBUG	Calling bootstrap method install on firefox@getpocket.com version 1.0.5
1527664496975	addons.xpi-utils	DEBUG	Make addon app-system-defaults:firefox@getpocket.com visible
1527664496975	addons.xpi	DEBUG	Updating XPIState for {"id":"firefox@getpocket.com","syncGUID":"{68780430-14a7-4812-a020-2ff40313dd86}","location":"app-system-defaults","version":"1.0.5","type":"extension","internalName":null,"updateURL":null,"updateKey":null,"optionsURL":null,"optionsType":null,"aboutURL":null,"defaultLocale":{"name":"Pocket","description":"When you find something you want to view later, put it in Pocket.","creator":null,"homepageURL":null},"visible":true,"active":false,"userDisabled":false,"appDisabled":false,"installDate":1503580993000,"updateDate":1503580993000,"applyBackgroundUpdates":1,"bootstrap":true,"path":"/opt/firefox/browser/features/firefox@getpocket.com.xpi","skinnable":false,"size":855802,"sourceURI":null,"releaseNotesURI":null,"softDisabled":false,"foreignInstall":false,"hasBinaryComponents":false,"strictCompatibility":false,"locales":[],"targetApplications":[{"id":"{ec8030f7-c20a-464f-9b0e-13a3a9e97384}","minVersion":"55.0.3","maxVersion":"55.*"}],"targetPlatforms":[],"multiprocessCompatible":true,"seen":true,"dependencies":[],"hasEmbeddedWebExtension":false,"mpcOptedOut":false,"userPermissions":null,"icons":{},"iconURL":null,"icon64URL":null}
1527664496976	DeferredSave.extensions.json	DEBUG	Save changes
1527664496977	addons.manager	DEBUG	Registering startup change 'installed' for clicktoplay-rollout@mozilla.org
1527664496977	addons.xpi	DEBUG	Loading bootstrap scope from /opt/firefox/browser/features/clicktoplay-rollout@mozilla.org.xpi
1527664496992	addons.xpi	DEBUG	Calling bootstrap method install on clicktoplay-rollout@mozilla.org version 1.2
1527664496993	addons.xpi-utils	DEBUG	Make addon app-system-defaults:clicktoplay-rollout@mozilla.org visible
1527664496993	addons.xpi	DEBUG	Updating XPIState for {"id":"clicktoplay-rollout@mozilla.org","syncGUID":"{ee8daf36-f37c-40d4-92d8-7c79ca46828f}","location":"app-system-defaults","version":"1.2","type":"extension","internalName":null,"updateURL":null,"updateKey":null,"optionsURL":null,"optionsType":null,"aboutURL":null,"defaultLocale":{"name":"Click-to-Play staged rollout","description":"Staged rollout for Click-to-Play Flash.","creator":null,"homepageURL":null},"visible":true,"active":false,"userDisabled":false,"appDisabled":false,"installDate":1503580993000,"updateDate":1503580993000,"applyBackgroundUpdates":1,"bootstrap":true,"path":"/opt/firefox/browser/features/clicktoplay-rollout@mozilla.org.xpi","skinnable":false,"size":5621,"sourceURI":null,"releaseNotesURI":null,"softDisabled":false,"foreignInstall":false,"hasBinaryComponents":false,"strictCompatibility":false,"locales":[],"targetApplications":[{"id":"{ec8030f7-c20a-464f-9b0e-13a3a9e97384}","minVersion":"55.0.3","maxVersion":"55.*"}],"targetPlatforms":[],"multiprocessCompatible":true,"seen":true,"dependencies":[],"hasEmbeddedWebExtension":false,"mpcOptedOut":false,"userPermissions":null,"icons":{},"iconURL":null,"icon64URL":null}
1527664496993	DeferredSave.extensions.json	DEBUG	Save changes
1527664496994	addons.manager	DEBUG	Registering startup change 'installed' for screenshots@mozilla.org
1527664496995	addons.xpi	DEBUG	Loading bootstrap scope from /opt/firefox/browser/features/screenshots@mozilla.org.xpi
1527664496997	addons.xpi	DEBUG	Calling bootstrap method install on screenshots@mozilla.org version 10.12.0
1527664496997	addons.xpi-utils	DEBUG	Make addon app-system-defaults:screenshots@mozilla.org visible
1527664496997	addons.xpi	DEBUG	Updating XPIState for {"id":"screenshots@mozilla.org","syncGUID":"{3f413496-87f9-4a4b-8631-df449b52268a}","location":"app-system-defaults","version":"10.12.0","type":"extension","internalName":null,"updateURL":null,"updateKey":null,"optionsURL":null,"optionsType":null,"aboutURL":null,"defaultLocale":{"name":"Firefox Screenshots","description":null,"creator":null,"homepageURL":"https://pageshot.net/"},"visible":true,"active":false,"userDisabled":false,"appDisabled":false,"installDate":1503580993000,"updateDate":1503580993000,"applyBackgroundUpdates":1,"bootstrap":true,"path":"/opt/firefox/browser/features/screenshots@mozilla.org.xpi","skinnable":false,"size":714554,"sourceURI":null,"releaseNotesURI":null,"softDisabled":false,"foreignInstall":false,"hasBinaryComponents":false,"strictCompatibility":false,"locales":[],"targetApplications":[{"id":"{ec8030f7-c20a-464f-9b0e-13a3a9e97384}","minVersion":"51.0a1","maxVersion":"*"}],"targetPlatforms":[],"multiprocessCompatible":true,"seen":true,"dependencies":[],"hasEmbeddedWebExtension":false,"mpcOptedOut":false,"userPermissions":null,"icons":{},"iconURL":null,"icon64URL":null}
1527664496998	DeferredSave.extensions.json	DEBUG	Save changes
1527664496998	addons.manager	DEBUG	Registering startup change 'installed' for aushelper@mozilla.org
1527664496999	addons.xpi	DEBUG	Loading bootstrap scope from /opt/firefox/browser/features/aushelper@mozilla.org.xpi
1527664497001	addons.xpi	DEBUG	Calling bootstrap method install on aushelper@mozilla.org version 2.0
1527664497001	addons.xpi-utils	DEBUG	Make addon app-system-defaults:aushelper@mozilla.org visible
1527664497001	addons.xpi	DEBUG	Updating XPIState for {"id":"aushelper@mozilla.org","syncGUID":"{461c602b-df26-4a91-8a99-64d1647e2425}","location":"app-system-defaults","version":"2.0","type":"extension","internalName":null,"updateURL":null,"updateKey":null,"optionsURL":null,"optionsType":null,"aboutURL":null,"defaultLocale":{"name":"Application Update Service Helper","description":"Sets value(s) in the update url based on custom checks.","creator":null,"homepageURL":null},"visible":true,"active":false,"userDisabled":false,"appDisabled":false,"installDate":1503580993000,"updateDate":1503580993000,"applyBackgroundUpdates":1,"bootstrap":true,"path":"/opt/firefox/browser/features/aushelper@mozilla.org.xpi","skinnable":false,"size":8488,"sourceURI":null,"releaseNotesURI":null,"softDisabled":false,"foreignInstall":false,"hasBinaryComponents":false,"strictCompatibility":false,"locales":[],"targetApplications":[{"id":"{ec8030f7-c20a-464f-9b0e-13a3a9e97384}","minVersion":"55.0.3","maxVersion":"55.*"}],"targetPlatforms":[],"multiprocessCompatible":true,"seen":true,"dependencies":[],"hasEmbeddedWebExtension":false,"mpcOptedOut":false,"userPermissions":null,"icons":{},"iconURL":null,"icon64URL":null}
1527664497002	DeferredSave.extensions.json	DEBUG	Save changes
1527664497002	addons.manager	DEBUG	Registering startup change 'installed' for webcompat@mozilla.org
1527664497003	addons.xpi	DEBUG	Loading bootstrap scope from /opt/firefox/browser/features/webcompat@mozilla.org.xpi
1527664497005	addons.xpi	DEBUG	Calling bootstrap method install on webcompat@mozilla.org version 1.1
1527664497005	addons.xpi-utils	DEBUG	Make addon app-system-defaults:webcompat@mozilla.org visible
1527664497006	addons.xpi	DEBUG	Updating XPIState for {"id":"webcompat@mozilla.org","syncGUID":"{dbe402e0-2594-4d48-94cc-a88eea990c3d}","location":"app-system-defaults","version":"1.1","type":"extension","internalName":null,"updateURL":null,"updateKey":null,"optionsURL":null,"optionsType":null,"aboutURL":null,"defaultLocale":{"name":"Web Compat","description":"Urgent post-release fixes for web compatibility.","creator":null,"homepageURL":null},"visible":true,"active":false,"userDisabled":false,"appDisabled":false,"installDate":1503580993000,"updateDate":1503580993000,"applyBackgroundUpdates":1,"bootstrap":true,"path":"/opt/firefox/browser/features/webcompat@mozilla.org.xpi","skinnable":false,"size":8992,"sourceURI":null,"releaseNotesURI":null,"softDisabled":false,"foreignInstall":false,"hasBinaryComponents":false,"strictCompatibility":false,"locales":[],"targetApplications":[{"id":"{ec8030f7-c20a-464f-9b0e-13a3a9e97384}","minVersion":"55.0.3","maxVersion":"55.*"}],"targetPlatforms":[],"multiprocessCompatible":true,"seen":true,"dependencies":[],"hasEmbeddedWebExtension":false,"mpcOptedOut":false,"userPermissions":null,"icons":{},"iconURL":null,"icon64URL":null}
1527664497006	DeferredSave.extensions.json	DEBUG	Save changes
1527664497006	addons.manager	DEBUG	Registering startup change 'installed' for followonsearch@mozilla.com
1527664497007	addons.xpi	DEBUG	Loading bootstrap scope from /opt/firefox/browser/features/followonsearch@mozilla.com.xpi
1527664497009	addons.xpi	DEBUG	Calling bootstrap method install on followonsearch@mozilla.com version 0.9.1
1527664497009	addons.xpi-utils	DEBUG	Make addon app-system-defaults:followonsearch@mozilla.com visible
1527664497009	addons.xpi	DEBUG	Updating XPIState for {"id":"followonsearch@mozilla.com","syncGUID":"{1a132ea6-849e-45a6-99b8-26b43acd78a9}","location":"app-system-defaults","version":"0.9.1","type":"extension","internalName":null,"updateURL":null,"updateKey":null,"optionsURL":null,"optionsType":null,"aboutURL":null,"defaultLocale":{"name":"Follow-on Search Telemetry","description":null,"creator":null,"homepageURL":null},"visible":true,"active":false,"userDisabled":false,"appDisabled":false,"installDate":1503580993000,"updateDate":1503580993000,"applyBackgroundUpdates":1,"bootstrap":true,"path":"/opt/firefox/browser/features/followonsearch@mozilla.com.xpi","skinnable":false,"size":16730,"sourceURI":null,"releaseNotesURI":null,"softDisabled":false,"foreignInstall":false,"hasBinaryComponents":false,"strictCompatibility":false,"locales":[],"targetApplications":[{"id":"{ec8030f7-c20a-464f-9b0e-13a3a9e97384}","minVersion":"52.0","maxVersion":"59.*"}],"targetPlatforms":[],"multiprocessCompatible":true,"seen":true,"dependencies":[],"hasEmbeddedWebExtension":false,"mpcOptedOut":false,"userPermissions":null,"icons":{},"iconURL":null,"icon64URL":null}
1527664497010	DeferredSave.extensions.json	DEBUG	Save changes
1527664497010	addons.manager	DEBUG	Registering startup change 'installed' for shield-recipe-client@mozilla.org
1527664497012	addons.xpi	DEBUG	Loading bootstrap scope from /opt/firefox/browser/features/shield-recipe-client@mozilla.org.xpi
1527664497014	addons.xpi	DEBUG	Calling bootstrap method install on shield-recipe-client@mozilla.org version 55.1
1527664497014	addons.xpi-utils	DEBUG	Make addon app-system-defaults:shield-recipe-client@mozilla.org visible
1527664497014	addons.xpi	DEBUG	Updating XPIState for {"id":"shield-recipe-client@mozilla.org","syncGUID":"{70950c3e-067c-4597-aa13-6d2748f97f61}","location":"app-system-defaults","version":"55.1","type":"extension","internalName":null,"updateURL":null,"updateKey":null,"optionsURL":null,"optionsType":null,"aboutURL":null,"defaultLocale":{"name":"Shield Recipe Client","description":"Client to download and run recipes for SHIELD, Heartbeat, etc.","creator":null,"homepageURL":null},"visible":true,"active":false,"userDisabled":false,"appDisabled":false,"installDate":1503580993000,"updateDate":1503580993000,"applyBackgroundUpdates":1,"bootstrap":true,"path":"/opt/firefox/browser/features/shield-recipe-client@mozilla.org.xpi","skinnable":false,"size":140305,"sourceURI":null,"releaseNotesURI":null,"softDisabled":false,"foreignInstall":false,"hasBinaryComponents":false,"strictCompatibility":false,"locales":[],"targetApplications":[{"id":"{ec8030f7-c20a-464f-9b0e-13a3a9e97384}","minVersion":"55.0.3","maxVersion":"55.*"}],"targetPlatforms":[],"multiprocessCompatible":true,"seen":true,"dependencies":[],"hasEmbeddedWebExtension":false,"mpcOptedOut":false,"userPermissions":null,"icons":{},"iconURL":null,"icon64URL":null}
1527664497015	DeferredSave.extensions.json	DEBUG	Save changes
1527664497015	addons.xpi-utils	DEBUG	Make addon app-global:{972ce4c6-7e08-4474-a285-3208198ce6fd} visible
1527664497015	addons.xpi	DEBUG	Updating XPIState for {"id":"{972ce4c6-7e08-4474-a285-3208198ce6fd}","syncGUID":"{de638ea2-c12d-45a1-b4ed-882a100d063c}","location":"app-global","version":"55.0.3","type":"theme","internalName":"classic/1.0","updateURL":null,"updateKey":null,"optionsURL":null,"optionsType":null,"optionsBrowserStyle":null,"aboutURL":null,"defaultLocale":{"name":"Default","description":"The default theme.","creator":"Mozilla","homepageURL":null,"contributors":["Mozilla Contributors"]},"visible":true,"active":false,"userDisabled":false,"appDisabled":false,"installDate":1503580993000,"updateDate":1503580993000,"applyBackgroundUpdates":1,"path":"/opt/firefox/browser/extensions/{972ce4c6-7e08-4474-a285-3208198ce6fd}.xpi","skinnable":true,"size":2918,"sourceURI":null,"releaseNotesURI":null,"softDisabled":false,"foreignInstall":false,"hasBinaryComponents":false,"strictCompatibility":true,"locales":[],"targetApplications":[{"id":"{ec8030f7-c20a-464f-9b0e-13a3a9e97384}","minVersion":"55.0.3","maxVersion":"55.0.3"}],"targetPlatforms":[],"seen":true,"dependencies":[],"hasEmbeddedWebExtension":false,"userPermissions":null,"icons":{},"iconURL":"chrome://browser/content/default-theme-icon.svg","icon64URL":null}
1527664497016	DeferredSave.extensions.json	DEBUG	Save changes
1527664497016	addons.xpi	DEBUG	Updating XPIState for {"id":"e10srollout@mozilla.org","syncGUID":"{23011677-8556-45eb-aa0e-05e7f5b030da}","location":"app-system-defaults","version":"2.0","type":"extension","internalName":null,"updateURL":null,"updateKey":null,"optionsURL":null,"optionsType":null,"aboutURL":null,"defaultLocale":{"name":"Multi-process staged rollout","description":"Staged rollout of Firefox multi-process feature.","creator":null,"homepageURL":null},"visible":true,"active":true,"userDisabled":false,"appDisabled":false,"installDate":1503580993000,"updateDate":1503580993000,"applyBackgroundUpdates":1,"bootstrap":true,"path":"/opt/firefox/browser/features/e10srollout@mozilla.org.xpi","skinnable":false,"size":13287,"sourceURI":null,"releaseNotesURI":null,"softDisabled":false,"foreignInstall":false,"hasBinaryComponents":false,"strictCompatibility":false,"locales":[],"targetApplications":[{"id":"{ec8030f7-c20a-464f-9b0e-13a3a9e97384}","minVersion":"55.0.3","maxVersion":"55.*"}],"targetPlatforms":[],"multiprocessCompatible":true,"seen":true,"dependencies":[],"hasEmbeddedWebExtension":false,"mpcOptedOut":false,"userPermissions":null,"icons":{},"iconURL":null,"icon64URL":null}
1527664497017	addons.xpi	DEBUG	Updating XPIState for {"id":"firefox@getpocket.com","syncGUID":"{68780430-14a7-4812-a020-2ff40313dd86}","location":"app-system-defaults","version":"1.0.5","type":"extension","internalName":null,"updateURL":null,"updateKey":null,"optionsURL":null,"optionsType":null,"aboutURL":null,"defaultLocale":{"name":"Pocket","description":"When you find something you want to view later, put it in Pocket.","creator":null,"homepageURL":null},"visible":true,"active":true,"userDisabled":false,"appDisabled":false,"installDate":1503580993000,"updateDate":1503580993000,"applyBackgroundUpdates":1,"bootstrap":true,"path":"/opt/firefox/browser/features/firefox@getpocket.com.xpi","skinnable":false,"size":855802,"sourceURI":null,"releaseNotesURI":null,"softDisabled":false,"foreignInstall":false,"hasBinaryComponents":false,"strictCompatibility":false,"locales":[],"targetApplications":[{"id":"{ec8030f7-c20a-464f-9b0e-13a3a9e97384}","minVersion":"55.0.3","maxVersion":"55.*"}],"targetPlatforms":[],"multiprocessCompatible":true,"seen":true,"dependencies":[],"hasEmbeddedWebExtension":false,"mpcOptedOut":false,"userPermissions":null,"icons":{},"iconURL":null,"icon64URL":null}
1527664497017	addons.xpi	DEBUG	Updating XPIState for {"id":"clicktoplay-rollout@mozilla.org","syncGUID":"{ee8daf36-f37c-40d4-92d8-7c79ca46828f}","location":"app-system-defaults","version":"1.2","type":"extension","internalName":null,"updateURL":null,"updateKey":null,"optionsURL":null,"optionsType":null,"aboutURL":null,"defaultLocale":{"name":"Click-to-Play staged rollout","description":"Staged rollout for Click-to-Play Flash.","creator":null,"homepageURL":null},"visible":true,"active":true,"userDisabled":false,"appDisabled":false,"installDate":1503580993000,"updateDate":1503580993000,"applyBackgroundUpdates":1,"bootstrap":true,"path":"/opt/firefox/browser/features/clicktoplay-rollout@mozilla.org.xpi","skinnable":false,"size":5621,"sourceURI":null,"releaseNotesURI":null,"softDisabled":false,"foreignInstall":false,"hasBinaryComponents":false,"strictCompatibility":false,"locales":[],"targetApplications":[{"id":"{ec8030f7-c20a-464f-9b0e-13a3a9e97384}","minVersion":"55.0.3","maxVersion":"55.*"}],"targetPlatforms":[],"multiprocessCompatible":true,"seen":true,"dependencies":[],"hasEmbeddedWebExtension":false,"mpcOptedOut":false,"userPermissions":null,"icons":{},"iconURL":null,"icon64URL":null}
1527664497017	addons.xpi	DEBUG	Updating XPIState for {"id":"screenshots@mozilla.org","syncGUID":"{3f413496-87f9-4a4b-8631-df449b52268a}","location":"app-system-defaults","version":"10.12.0","type":"extension","internalName":null,"updateURL":null,"updateKey":null,"optionsURL":null,"optionsType":null,"aboutURL":null,"defaultLocale":{"name":"Firefox Screenshots","description":null,"creator":null,"homepageURL":"https://pageshot.net/"},"visible":true,"active":true,"userDisabled":false,"appDisabled":false,"installDate":1503580993000,"updateDate":1503580993000,"applyBackgroundUpdates":1,"bootstrap":true,"path":"/opt/firefox/browser/features/screenshots@mozilla.org.xpi","skinnable":false,"size":714554,"sourceURI":null,"releaseNotesURI":null,"softDisabled":false,"foreignInstall":false,"hasBinaryComponents":false,"strictCompatibility":false,"locales":[],"targetApplications":[{"id":"{ec8030f7-c20a-464f-9b0e-13a3a9e97384}","minVersion":"51.0a1","maxVersion":"*"}],"targetPlatforms":[],"multiprocessCompatible":true,"seen":true,"dependencies":[],"hasEmbeddedWebExtension":false,"mpcOptedOut":false,"userPermissions":null,"icons":{},"iconURL":null,"icon64URL":null}
1527664497019	addons.xpi	DEBUG	Updating XPIState for {"id":"aushelper@mozilla.org","syncGUID":"{461c602b-df26-4a91-8a99-64d1647e2425}","location":"app-system-defaults","version":"2.0","type":"extension","internalName":null,"updateURL":null,"updateKey":null,"optionsURL":null,"optionsType":null,"aboutURL":null,"defaultLocale":{"name":"Application Update Service Helper","description":"Sets value(s) in the update url based on custom checks.","creator":null,"homepageURL":null},"visible":true,"active":true,"userDisabled":false,"appDisabled":false,"installDate":1503580993000,"updateDate":1503580993000,"applyBackgroundUpdates":1,"bootstrap":true,"path":"/opt/firefox/browser/features/aushelper@mozilla.org.xpi","skinnable":false,"size":8488,"sourceURI":null,"releaseNotesURI":null,"softDisabled":false,"foreignInstall":false,"hasBinaryComponents":false,"strictCompatibility":false,"locales":[],"targetApplications":[{"id":"{ec8030f7-c20a-464f-9b0e-13a3a9e97384}","minVersion":"55.0.3","maxVersion":"55.*"}],"targetPlatforms":[],"multiprocessCompatible":true,"seen":true,"dependencies":[],"hasEmbeddedWebExtension":false,"mpcOptedOut":false,"userPermissions":null,"icons":{},"iconURL":null,"icon64URL":null}
1527664497020	addons.xpi	DEBUG	Updating XPIState for {"id":"webcompat@mozilla.org","syncGUID":"{dbe402e0-2594-4d48-94cc-a88eea990c3d}","location":"app-system-defaults","version":"1.1","type":"extension","internalName":null,"updateURL":null,"updateKey":null,"optionsURL":null,"optionsType":null,"aboutURL":null,"defaultLocale":{"name":"Web Compat","description":"Urgent post-release fixes for web compatibility.","creator":null,"homepageURL":null},"visible":true,"active":true,"userDisabled":false,"appDisabled":false,"installDate":1503580993000,"updateDate":1503580993000,"applyBackgroundUpdates":1,"bootstrap":true,"path":"/opt/firefox/browser/features/webcompat@mozilla.org.xpi","skinnable":false,"size":8992,"sourceURI":null,"releaseNotesURI":null,"softDisabled":false,"foreignInstall":false,"hasBinaryComponents":false,"strictCompatibility":false,"locales":[],"targetApplications":[{"id":"{ec8030f7-c20a-464f-9b0e-13a3a9e97384}","minVersion":"55.0.3","maxVersion":"55.*"}],"targetPlatforms":[],"multiprocessCompatible":true,"seen":true,"dependencies":[],"hasEmbeddedWebExtension":false,"mpcOptedOut":false,"userPermissions":null,"icons":{},"iconURL":null,"icon64URL":null}
1527664497021	addons.xpi	DEBUG	Updating XPIState for {"id":"followonsearch@mozilla.com","syncGUID":"{1a132ea6-849e-45a6-99b8-26b43acd78a9}","location":"app-system-defaults","version":"0.9.1","type":"extension","internalName":null,"updateURL":null,"updateKey":null,"optionsURL":null,"optionsType":null,"aboutURL":null,"defaultLocale":{"name":"Follow-on Search Telemetry","description":null,"creator":null,"homepageURL":null},"visible":true,"active":true,"userDisabled":false,"appDisabled":false,"installDate":1503580993000,"updateDate":1503580993000,"applyBackgroundUpdates":1,"bootstrap":true,"path":"/opt/firefox/browser/features/followonsearch@mozilla.com.xpi","skinnable":false,"size":16730,"sourceURI":null,"releaseNotesURI":null,"softDisabled":false,"foreignInstall":false,"hasBinaryComponents":false,"strictCompatibility":false,"locales":[],"targetApplications":[{"id":"{ec8030f7-c20a-464f-9b0e-13a3a9e97384}","minVersion":"52.0","maxVersion":"59.*"}],"targetPlatforms":[],"multiprocessCompatible":true,"seen":true,"dependencies":[],"hasEmbeddedWebExtension":false,"mpcOptedOut":false,"userPermissions":null,"icons":{},"iconURL":null,"icon64URL":null}
1527664497021	addons.xpi	DEBUG	Updating XPIState for {"id":"shield-recipe-client@mozilla.org","syncGUID":"{70950c3e-067c-4597-aa13-6d2748f97f61}","location":"app-system-defaults","version":"55.1","type":"extension","internalName":null,"updateURL":null,"updateKey":null,"optionsURL":null,"optionsType":null,"aboutURL":null,"defaultLocale":{"name":"Shield Recipe Client","description":"Client to download and run recipes for SHIELD, Heartbeat, etc.","creator":null,"homepageURL":null},"visible":true,"active":true,"userDisabled":false,"appDisabled":false,"installDate":1503580993000,"updateDate":1503580993000,"applyBackgroundUpdates":1,"bootstrap":true,"path":"/opt/firefox/browser/features/shield-recipe-client@mozilla.org.xpi","skinnable":false,"size":140305,"sourceURI":null,"releaseNotesURI":null,"softDisabled":false,"foreignInstall":false,"hasBinaryComponents":false,"strictCompatibility":false,"locales":[],"targetApplications":[{"id":"{ec8030f7-c20a-464f-9b0e-13a3a9e97384}","minVersion":"55.0.3","maxVersion":"55.*"}],"targetPlatforms":[],"multiprocessCompatible":true,"seen":true,"dependencies":[],"hasEmbeddedWebExtension":false,"mpcOptedOut":false,"userPermissions":null,"icons":{},"iconURL":null,"icon64URL":null}
1527664497021	addons.xpi	DEBUG	Updating XPIState for {"id":"{972ce4c6-7e08-4474-a285-3208198ce6fd}","syncGUID":"{de638ea2-c12d-45a1-b4ed-882a100d063c}","location":"app-global","version":"55.0.3","type":"theme","internalName":"classic/1.0","updateURL":null,"updateKey":null,"optionsURL":null,"optionsType":null,"optionsBrowserStyle":null,"aboutURL":null,"defaultLocale":{"name":"Default","description":"The default theme.","creator":"Mozilla","homepageURL":null,"contributors":["Mozilla Contributors"]},"visible":true,"active":true,"userDisabled":false,"appDisabled":false,"installDate":1503580993000,"updateDate":1503580993000,"applyBackgroundUpdates":1,"path":"/opt/firefox/browser/extensions/{972ce4c6-7e08-4474-a285-3208198ce6fd}.xpi","skinnable":true,"size":2918,"sourceURI":null,"releaseNotesURI":null,"softDisabled":false,"foreignInstall":false,"hasBinaryComponents":false,"strictCompatibility":true,"locales":[],"targetApplications":[{"id":"{ec8030f7-c20a-464f-9b0e-13a3a9e97384}","minVersion":"55.0.3","maxVersion":"55.0.3"}],"targetPlatforms":[],"seen":true,"dependencies":[],"hasEmbeddedWebExtension":false,"userPermissions":null,"icons":{},"iconURL":"chrome://browser/content/default-theme-icon.svg","icon64URL":null}
1527664497022	DeferredSave.extensions.json	DEBUG	Save changes
1527664497022	addons.xpi	DEBUG	Updating database with changes to installed add-ons
1527664497022	addons.xpi-utils	DEBUG	Updating add-on states
1527664497031	addons.xpi	DEBUG	Registering manifest for /opt/firefox/browser/features/aushelper@mozilla.org.xpi
1527664497032	addons.xpi	DEBUG	Calling bootstrap method startup on aushelper@mozilla.org version 2.0
1527664497033	addons.xpi	DEBUG	Registering manifest for /opt/firefox/browser/features/clicktoplay-rollout@mozilla.org.xpi
1527664497033	addons.xpi	DEBUG	Calling bootstrap method startup on clicktoplay-rollout@mozilla.org version 1.2
1527664497125	addons.xpi	DEBUG	Registering manifest for /opt/firefox/browser/features/e10srollout@mozilla.org.xpi
1527664497127	addons.xpi	DEBUG	Calling bootstrap method startup on e10srollout@mozilla.org version 2.0
1527664497127	addons.xpi	DEBUG	Registering manifest for /opt/firefox/browser/features/firefox@getpocket.com.xpi
1527664497127	addons.xpi	DEBUG	Calling bootstrap method startup on firefox@getpocket.com version 1.0.5
1527664497192	addons.xpi	DEBUG	Registering manifest for /opt/firefox/browser/features/followonsearch@mozilla.com.xpi
1527664497192	addons.xpi	DEBUG	Calling bootstrap method startup on followonsearch@mozilla.com version 0.9.1
1527664497193	addons.xpi	DEBUG	Registering manifest for /opt/firefox/browser/features/screenshots@mozilla.org.xpi
1527664497195	addons.xpi	DEBUG	Calling bootstrap method startup on screenshots@mozilla.org version 10.12.0
1527664497196	addons.xpi	DEBUG	Registering manifest for /opt/firefox/browser/features/shield-recipe-client@mozilla.org.xpi
1527664497196	addons.xpi	DEBUG	Calling bootstrap method startup on shield-recipe-client@mozilla.org version 55.1
1527664497207	addons.xpi	DEBUG	Registering manifest for /opt/firefox/browser/features/webcompat@mozilla.org.xpi
1527664497207	addons.xpi	DEBUG	Calling bootstrap method startup on webcompat@mozilla.org version 1.1
1527664497219	addons.manager	DEBUG	Registering shutdown blocker for XPIProvider
1527664497220	addons.manager	DEBUG	Provider finished startup: XPIProvider
1527664497220	addons.manager	DEBUG	Starting provider: LightweightThemeManager
1527664497220	addons.manager	DEBUG	Registering shutdown blocker for LightweightThemeManager
1527664497220	addons.manager	DEBUG	Provider finished startup: LightweightThemeManager
1527664497222	addons.manager	DEBUG	Starting provider: GMPProvider
1527664497266	addons.manager	DEBUG	Registering shutdown blocker for GMPProvider
1527664497266	addons.manager	DEBUG	Provider finished startup: GMPProvider
1527664497267	addons.manager	DEBUG	Starting provider: PluginProvider
1527664497268	addons.manager	DEBUG	Registering shutdown blocker for PluginProvider
1527664497269	addons.manager	DEBUG	Provider finished startup: PluginProvider
1527664497270	addons.manager	DEBUG	Completed startup sequence
1527664497601	Marionette	INFO	Enabled via --marionette
1527664498154	addons.manager	DEBUG	Starting provider: PreviousExperimentProvider
1527664498154	addons.manager	DEBUG	Registering shutdown blocker for PreviousExperimentProvider
1527664498154	addons.manager	DEBUG	Provider finished startup: PreviousExperimentProvider
1527664498157	DeferredSave.extensions.json	DEBUG	Starting write
1527664498286	DeferredSave.extensions.json	DEBUG	Write succeeded
1527664498286	addons.xpi-utils	DEBUG	XPI Database saved, setting schema version preference to 21
1527664498725	addons.productaddons	INFO	downloadXHR File download. status=200
1527664498728	addons.productaddons	INFO	Downloaded file will be saved to /tmp/tmpaddon
1527664499774	addons.manager	DEBUG	Starting provider: <unnamed-provider>
1527664499774	addons.manager	DEBUG	Registering shutdown blocker for <unnamed-provider>
1527664499774	addons.manager	DEBUG	Provider finished startup: <unnamed-provider>
1527664499779	addons.xpi	INFO	Mapping e10srollout@mozilla.org to /opt/firefox/browser/features/e10srollout@mozilla.org.xpi
1527664499780	addons.xpi	INFO	Mapping firefox@getpocket.com to /opt/firefox/browser/features/firefox@getpocket.com.xpi
1527664499780	addons.xpi	INFO	Mapping clicktoplay-rollout@mozilla.org to /opt/firefox/browser/features/clicktoplay-rollout@mozilla.org.xpi
1527664499780	addons.xpi	INFO	Mapping screenshots@mozilla.org to /opt/firefox/browser/features/screenshots@mozilla.org.xpi
1527664499780	addons.xpi	INFO	Mapping aushelper@mozilla.org to /opt/firefox/browser/features/aushelper@mozilla.org.xpi
1527664499780	addons.xpi	INFO	Mapping webcompat@mozilla.org to /opt/firefox/browser/features/webcompat@mozilla.org.xpi
1527664499780	addons.xpi	INFO	Mapping followonsearch@mozilla.com to /opt/firefox/browser/features/followonsearch@mozilla.com.xpi
1527664499780	addons.xpi	INFO	Mapping shield-recipe-client@mozilla.org to /opt/firefox/browser/features/shield-recipe-client@mozilla.org.xpi
1527664499781	addons.xpi	DEBUG	Existing add-on e10srollout@mozilla.org in app-system-defaults
1527664499781	addons.xpi	DEBUG	Existing add-on firefox@getpocket.com in app-system-defaults
[...]
1527664655664	addons.xpi	DEBUG	Updating XPIState 1527664655713	faddons.productaddons	INFO	Completed downloading document
or {"id":"clicktoplay-rollout@mozilla.org","syncGUID":"{5372afac-a7fb-48e0-b635-a5838b00cdd7}","location":"app-system-defaults","version":"1.2","type":"extension","internalName":null,"updateURL":null,"updateKey":null,"optionsURL":null,"optionsType":null,"aboutURL":null,"defaultLocale":{"name":"Click-to-Play staged rollout","description":"Staged rollout for Click-to-Play Flash.","creator":null,"homepageURL":null},"visible":true,"active":true,"userDisabled":false,"appDisabled":false,"installDate":1503580993000,"updateDate":1503580993000,"applyBackgroundUpdates":1,"bootstrap":true,"path":"/opt/firefox/browser/features/clicktoplay-rollout@mozilla.org.xpi","skinnable":false,"size":5621,"sourceURI":null,"releaseNotesURI":null,"softDisabled":false,"foreignInstall":false,"hasBinaryComponents":false,"strictCompatibility":false,"locales":[],"targetApplications":[{"id":"{ec8030f7-c20a-464f-9b0e-13a3a9e97384}","minVersion":"55.0.3","maxVersion":"55.*"}],"targetPlatforms":[],"multiprocessCompatible":true,"seen":true,"dependencies":[],"hasEmbeddedWebExtension":false,"mpcOptedOut":false,"userPermissions":null,"icons":{},"iconURL":null,"icon64URL":null}
1527664655664	addons.xpi	DEBUG	Updating XPIState for {"id":"screenshots@mozilla.org","syncGUID":"{0dc0af35-d1ac-4dbf-84d6-55115a906a3a}","location":"app-system-defaults","version":"10.12.0","type":"extension","internalName":null,"updateURL":null,"updateKey":null,"optionsURL":null,"optionsType":null,"aboutURL":null,"defaultLocale":{"name":"Firefox Screenshots","description":null,"creator":null,"homepageURL":"https://pageshot.net/"},"visible":true,"active":true,"userDisabled":false,"appDisabled":false,"installDate":1503580993000,"updateDate":1503580993000,"applyBackgroundUpdates":1,"bootstrap":true,"path":"/opt/firefox/browser/features/screenshots@mozilla.org.xpi","skinnable":false,"size":714554,"sourceURI":null,"releaseNotesURI":null,"softDisabled":false,"foreignInstall":false,"hasBinaryComponents":false,"strictCompatibility":false,"locales":[],"targetApplications":[{"id":"{ec8030f7-c20a-464f-9b0e-13a3a9e97384}","minVersion":"51.0a1","maxVersion":"*"}],"targetPlatforms":[],"multiprocessCompatible":true,"seen":true,"dependencies":[],"hasEmbeddedWebExtension":false,"mpcOptedOut":false,"userPermissions":null,"icons":{},"iconURL":null,"icon64URL":null}
1527664655665	addons.xpi	DEBUG	Updating XPIState for {"id":"aushelper@mozilla.org","syncGUID":"{e1f808a8-89f2-468b-aec8-6cf1cdc9e98b}","location":"app-system-defaults","version":"2.0","type":"extension","internalName":null,"updateURL":null,"updateKey":null,"optionsURL":null,"optionsType":null,"aboutURL":null,"defaultLocale":{"name":"Application Update Service Helper","description":"Sets value(s) in the update url based on custom checks.","creator":null,"homepageURL":null},"visible":true,"active":true,"userDisabled":false,"appDisabled":false,"installDate":1503580993000,"updateDate":1503580993000,"applyBackgroundUpdates":1,"bootstrap":true,"path":"/opt/firefox/browser/features/aushelper@mozilla.org.xpi","skinnable":false,"size":8488,"sourceURI":null,"releaseNotesURI":null,"softDisabled":false,"foreignInstall":false,"hasBinaryComponents":false,"strictCompatibility":false,"locales":[],"targetApplications":[{"id":"{ec8030f7-c20a-464f-9b0e-13a3a9e97384}","minVersion":"55.0.3","maxVersion":"55.*"}],"targetPlatforms":[],"multiprocessCompatible":true,"seen":true,"dependencies":[],"hasEmbeddedWebExtension":false,"mpcOptedOut":false,"userPermissions":null,"icons":{},"iconURL":null,"icon64URL":null}
1527664655666	addons.xpi	DEBUG	Updating XPIState for {"id":"webcompat@mozilla.org","syncGUID":"{7711fd1a-b1b5-42d8-9e2c-b6529ec0539e}","location":"app-system-defaults","version":"1.1","type":"extension","internalName":null,"updateURL":null,"updateKey":null,"optionsURL":null,"optionsType":null,"aboutURL":null,"defaultLocale":{"name":"Web Compat","description":"Urgent post-release fixes for web compatibility.","creator":null,"homepageURL":null},"visible":true,"active":true,"userDisabled":false,"appDisabled":false,"installDate":1503580993000,"updateDate":1503580993000,"applyBackgroundUpdates":1,"bootstrap":true,"path":"/opt/firefox/browser/features/webcompat@mozilla.org.xpi","skinnable":false,"size":8992,"sourceURI":null,"releaseNotesURI":null,"softDisabled":false,"foreignInstall":false,"hasBinaryComponents":false,"strictCompatibility":false,"locales":[],"targetApplications":[{"id":"{ec8030f7-c20a-464f-9b0e-13a3a9e97384}","minVersion":"55.0.3","maxVersion":"55.*"}],"targetPlatforms":[],"multiprocessCompatible":true,"seen":true,"dependencies":[],"hasEmbeddedWebExtension":false,"mpcOptedOut":false,"userPermissions":null,"icons":{},"iconURL":null,"icon64URL":null}
1527664655666	addons.xpi	DEBUG	Updating XPIState for {"id":"followonsearch@mozilla.com","syncGUID":"{4de1131b-acbc-487b-8794-9c8b4ab3f938}","location":"app-system-defaults","version":"0.9.1","type":"extension","internalName":null,"updateURL":null,"updateKey":null,"optionsURL":null,"optionsType":null,"aboutURL":null,"defaultLocale":{"name":"Follow-on Search Telemetry","description":null,"creator":null,"homepageURL":null},"visible":true,"active":true,"userDisabled":false,"appDisabled":false,"installDate":1503580993000,"updateDate":1503580993000,"applyBackgroundUpdates":1,"bootstrap":true,"path":"/opt/firefox/browser/features/followonsearch@mozilla.com.xpi","skinnable":false,"size":16730,"sourceURI":null,"releaseNotesURI":null,"softDisabled":false,"foreignInstall":false,"hasBinaryComponents":false,"strictCompatibility":false,"locales":[],"targetApplications":[{"id":"{ec8030f7-c20a-464f-9b0e-13a3a9e97384}","minVersion":"52.0","maxVersion":"59.*"}],"targetPlatforms":[],"multiprocessCompatible":true,"seen":true,"dependencies":[],"hasEmbeddedWebExtension":false,"mpcOptedOut":false,"userPermissions":null,"icons":{},"iconURL":null,"icon64URL":null}
1527664655666	addons.xpi	DEBUG	Updating XPIState for {"id":"shield-recipe-client@mozilla.org","syncGUID":"{f7bb3c49-6c62-488c-ad29-85f12c08f017}","location":"app-system-defaults","version":"55.1","type":"extension","internalName":null,"updateURL":null,"updateKey":null,"optionsURL":null,"optionsType":null,"aboutURL":null,"defaultLocale":{"name":"Shield Recipe Client","description":"Client to download and run recipes for SHIELD, Heartbeat, etc.","creator":null,"homepageURL":null},"visible":true,"active":true,"userDisabled":false,"appDisabled":false,"installDate":1503580993000,"updateDate":1503580993000,"applyBackgroundUpdates":1,"bootstrap":true,"path":"/opt/firefox/browser/features/shield-recipe-client@mozilla.org.xpi","skinnable":false,"size":140305,"sourceURI":null,"releaseNotesURI":null,"softDisabled":false,"foreignInstall":false,"hasBinaryComponents":false,"strictCompatibility":false,"locales":[],"targetApplications":[{"id":"{ec8030f7-c20a-464f-9b0e-13a3a9e97384}","minVersion":"55.0.3","maxVersion":"55.*"}],"targetPlatforms":[],"multiprocessCompatible":true,"seen":true,"dependencies":[],"hasEmbeddedWebExtension":false,"mpcOptedOut":false,"userPermissions":null,"icons":{},"iconURL":null,"icon64URL":null}
1527664655667	addons.xpi	DEBUG	Updating XPIState for {"id":"{972ce4c6-7e08-4474-a285-3208198ce6fd}","syncGUID":"{61a5f500-b0b7-4524-8bbf-c26a370dc27e}","location":"app-global","version":"55.0.3","type":"theme","internalName":"classic/1.0","updateURL":null,"updateKey":null,"optionsURL":null,"optionsType":null,"optionsBrowserStyle":null,"aboutURL":null,"defaultLocale":{"name":"Default","description":"The default theme.","creator":"Mozilla","homepageURL":null,"contributors":["Mozilla Contributors"]},"visible":true,"active":true,"userDisabled":false,"appDisabled":false,"installDate":1503580993000,"updateDate":1503580993000,"applyBackgroundUpdates":1,"path":"/opt/firefox/browser/extensions/{972ce4c6-7e08-4474-a285-3208198ce6fd}.xpi","skinnable":true,"size":2918,"sourceURI":null,"releaseNotesURI":null,"softDisabled":false,"foreignInstall":false,"hasBinaryComponents":false,"strictCompatibility":true,"locales":[],"targetApplications":[{"id":"{ec8030f7-c20a-464f-9b0e-13a3a9e97384}","minVersion":"55.0.3","maxVersion":"55.0.3"}],"targetPlatforms":[],"seen":true,"dependencies":[],"hasEmbeddedWebExtension":false,"userPermissions":null,"icons":{},"iconURL":"chrome://browser/content/default-theme-icon.svg","icon64URL":null}
1527664655668	DeferredSave.extensions.json	DEBUG	Save changes
1527664655668	addons.xpi	DEBUG	Updating database with changes to installed add-ons
1527664655668	addons.xpi-utils	DEBUG	Updating add-on states
1527664655676	addons.xpi	DEBUG	Registering manifest for /opt/firefox/browser/features/aushelper@mozilla.org.xpi
1527664655676	addons.xpi	DEBUG	Calling bootstrap method startup on aushelper@mozilla.org version 2.0
1527664655677	addons.xpi	DEBUG	Registering manifest for /opt/firefox/browser/features/clicktoplay-rollout@mozilla.org.xpi
1527664655678	addons.xpi	DEBUG	Calling bootstrap method startup on clicktoplay-rollout@mozilla.org version 1.2
1527664655762	addons.xpi	DEBUG	Registering manifest for /opt/firefox/browser/features/e10srollout@mozilla.org.xpi
1527664655762	addons.xpi	DEBUG	Calling bootstrap method startup on e10srollout@mozilla.org version 2.0
1527664655763	addons.xpi	DEBUG	Registering manifest for /opt/firefox/browser/features/firefox@getpocket.com.xpi
1527664655763	addons.xpi	DEBUG	Calling bootstrap method startup on firefox@getpocket.com version 1.0.5
1527664655809	addons.xpi	DEBUG	Registering manifest for /opt/firefox/browser/features/followonsearch@mozilla.com.xpi
1527664655810	addons.xpi	DEBUG	Calling bootstrap method startup on followonsearch@mozilla.com version 0.9.1
1527664655810	addons.xpi	DEBUG	Registering manifest for /opt/firefox/browser/features/screenshots@mozilla.org.xpi
1527664655810	addons.xpi	DEBUG	Calling bootstrap method startup on screenshots@mozilla.org version 10.12.0
1527664655811	addons.xpi	DEBUG	Registering manifest for /opt/firefox/browser/features/shield-recipe-client@mozilla.org.xpi
1527664655811	addons.xpi	DEBUG	Calling bootstrap method startup on shield-recipe-client@mozilla.org version 55.1
1527664655817	addons.xpi	DEBUG	Registering manifest for /opt/firefox/browser/features/webcompat@mozilla.org.xpi
1527664655818	addons.xpi	DEBUG	Calling bootstrap method startup on webcompat@mozilla.org version 1.1
1527664655822	addons.manager	DEBUG	Registering shutdown blocker for XPIProvider
1527664655822	addons.manager	DEBUG	Provider finished startup: XPIProvider
1527664655822	addons.manager	DEBUG	Starting provider: LightweightThemeManager
1527664655823	addons.manager	DEBUG	Registering shutdown blocker for LightweightThemeManager
1527664655823	addons.manager	DEBUG	Provider finished startup: LightweightThemeManager
1527664655823	addons.manager	DEBUG	Starting provider: GMPProvider
1527664655826	addons.manager	DEBUG	Registering shutdown blocker for GMPProvider
1527664655827	addons.manager	DEBUG	Provider finished startup: GMPProvider
1527664655827	addons.manager	DEBUG	Starting provider: PluginProvider
1527664655828	addons.manager	DEBUG	Registering shutdown blocker for PluginProvider
1527664655828	addons.manager	DEBUG	Provider finished startup: PluginProvider
1527664655829	addons.manager	DEBUG	Completed startup sequence
1527664656179	Marionette	INFO	Enabled via --marionette
1527664656729	addons.manager	DEBUG	Starting provider: PreviousExperimentProvider
1527664656729	addons.manager	DEBUG	Registering shutdown blocker for PreviousExperimentProvider
1527664656730	addons.manager	DEBUG	Provider finished startup: PreviousExperimentProvider
1527664656734	DeferredSave.extensions.json	DEBUG	Starting write
1527664656857	DeferredSave.extensions.json	DEBUG	Write succeeded
1527664656857	addons.xpi-utils	DEBUG	XPI Database saved, setting schema version preference to 21
1527664658200	addons.manager	DEBUG	Starting provider: <unnamed-provider>
1527664658200	addons.manager	DEBUG	Registering shutdown blocker for <unnamed-provider>
1527664658200	addons.manager	DEBUG	Provider finished startup: <unnamed-provider>
1527664658204	addons.productaddons	INFO	downloadXHR File download. status=200
1527664658205	addons.xpi	INFO	Mapping e10srollout@mozilla.org to /opt/firefox/browser/features/e10srollout@mozilla.org.xpi
1527664658206	addons.xpi	INFO	Mapping firefox@getpocket.com to /opt/firefox/browser/features/firefox@getpocket.com.xpi
1527664658206	addons.xpi	INFO	Mapping clicktoplay-rollout@mozilla.org to /opt/firefox/browser/features/clicktoplay-rollout@mozilla.org.xpi
1527664658206	addons.xpi	INFO	Mapping screenshots@mozilla.org to /opt/firefox/browser/features/screenshots@mozilla.org.xpi
1527664658206	addons.xpi	INFO	Mapping aushelper@mozilla.org to /opt/firefox/browser/features/aushelper@mozilla.org.xpi
1527664658206	addons.xpi	INFO	Mapping webcompat@mozilla.org to /opt/firefox/browser/features/webcompat@mozilla.org.xpi
1527664658206	addons.xpi	INFO	Mapping followonsearch@mozilla.com to /opt/firefox/browser/features/followonsearch@mozilla.com.xpi
1527664658206	addons.xpi	INFO	Mapping shield-recipe-client@mozilla.org to /opt/firefox/browser/features/shield-recipe-client@mozilla.org.xpi
1527664658207	addons.xpi	DEBUG	Existing add-on e10srollout@mozilla.org in app-system-defaults
1527664658207	addons.xpi	DEBUG	Existing add-on firefox@getpocket.com in app-system-defaults
1527664658208	addons.xpi	DEBUG	Existing add-on clicktoplay-rollout@mozilla.org in app-system-defaults
1527664658208	addons.xpi	DEBUG	Existing add-on screenshots@mozilla.org in app-system-defaults
1527664658208	addons.xpi	DEBUG	Existing add-on aushelper@mozilla.org in app-system-defaults
1527664658209	addons.xpi	DEBUG	Existing add-on webcompat@mozilla.org in app-system-defaults
1527664658209	addons.xpi	DEBUG	Existing add-on followonsearch@mozilla.com in app-system-defaults
1527664658209	addons.xpi	DEBUG	Existing add-on shield-recipe-client@mozilla.org in app-system-defaults
1527664658209	addons.xpi	INFO	Mapping {972ce4c6-7e08-4474-a285-3208198ce6fd} to /opt/firefox/browser/extensions/{972ce4c6-7e08-4474-a285-3208198ce6fd}.xpi
1527664658210	addons.xpi	DEBUG	Existing add-on {972ce4c6-7e08-4474-a285-3208198ce6fd} in app-global
1527664658210	addons.xpi	DEBUG	getInstallState changed: false, state: {}
1527664658218	addons.productaddons	INFO	Downloaded file will be saved to /tmp/tmpaddon
1527664658716	addons.productaddons	INFO	sending request to: https://aus5.mozilla.org/update/3/GMP/55.0.3/20170824123605/Linux_x86_64-gcc3/en-US/release/Linux%204.13.0-43-generic%20(GTK%203.18.9%2Clibpulse%208.0.0)/default/default/update.xml
1527664658890	Marionette	INFO	Listening on port 43431
JavaScript error: chrome://marionette/content/server.js, line 337: NS_ERROR_SOCKET_ADDRESS_IN_USE: Component returned failure code: 0x804b0036 (NS_ERROR_SOCKET_ADDRESS_IN_USE) [nsIServerSocket.initSpecialConnection]
1527664658982	Marionette	WARN	TLS certificate errors will be ignored for this session
1527664659032	Marionette	DEBUG	loaded listener.js
May 30, 2018 12:47:39 PM org.openqa.selenium.remote.ProtocolHandshake createSession
INFO: Detected dialect: W3C
1527664659145	Marionette	DEBUG	Received DOM event "beforeunload" for "about:blank"
1527664659417	Marionette	DEBUG	Received DOM event "pagehide" for "about:blank"
1527664659417	Marionette	DEBUG	Received DOM event "unload" for "about:blank"
1527664659594	addons.productaddons	INFO	Completed downloading document
1527664660534	addons.productaddons	INFO	downloadXHR File download. status=200
1527664660536	addons.productaddons	INFO	Downloaded file will be saved to /tmp/tmpaddon
1527664660667	Marionette	DEBUG	Received observer notification "outer-window-destroyed" for "2147483649"
1527664660668	addons.xpi	DEBUG	Calling bootstrap method shutdown on webcompat@mozilla.org version 1.1
1527664660668	addons.xpi	DEBUG	Calling bootstrap method shutdown on shield-recipe-client@mozilla.org version 55.1
1527664660671	addons.xpi	DEBUG	Calling bootstrap method shutdown on screenshots@mozilla.org version 10.12.0
1527664660672	addons.xpi	DEBUG	Calling bootstrap method shutdown on followonsearch@mozilla.com version 0.9.1
1527664660672	addons.xpi	DEBUG	Calling bootstrap method shutdown on firefox@getpocket.com version 1.0.5
1527664660672	addons.xpi	DEBUG	Calling bootstrap method shutdown on e10srollout@mozilla.org version 2.0
1527664660672	addons.xpi	DEBUG	Calling bootstrap method shutdown on clicktoplay-rollout@mozilla.org version 1.2
1527664660673	addons.xpi	DEBUG	Calling bootstrap method shutdown on aushelper@mozilla.org version 2.0
1527664660817	addons.productaddons	WARN	Failed downloading via XHR, status: 0, reason: error
1527664660969	addons.manager	DEBUG	shutdown
1527664660970	addons.manager	DEBUG	Calling shutdown blocker for XPIProvider
1527664660970	addons.xpi	DEBUG	shutdown
1527664660971	addons.xpi-utils	DEBUG	shutdown
1527664660971	addons.manager	DEBUG	Calling shutdown blocker for LightweightThemeManager
1527664660972	addons.manager	DEBUG	Calling shutdown blocker for GMPProvider
1527664660974	addons.manager	DEBUG	Calling shutdown blocker for PluginProvider
1527664660974	addons.manager	DEBUG	Calling shutdown blocker for PreviousExperimentProvider
1527664660975	addons.manager	DEBUG	Calling shutdown blocker for <unnamed-provider>
1527664660978	addons.xpi	DEBUG	Notifying XPI shutdown observers
1527664660988	addons.manager	DEBUG	Async provider shutdown done
1527664661825	geckodriver::marionette	ERROR	Failed to stop browser process
]]></system-err>
  </testcase>
  <testcase name="tearDown" classname="com.services.test.TestVanHeusenInfo" time="2.705">
    <failure message="Tried to run command without establishing a connection&#10;Build info: version: &apos;3.11.0&apos;, revision: &apos;e59cfb3&apos;, time: &apos;2018-03-11T20:26:55.152Z&apos;&#10;System info: host: &apos;streamoid-ThinkPad-T440s&apos;, ip: &apos;127.0.1.1&apos;, os.name: &apos;Linux&apos;, os.arch: &apos;amd64&apos;, os.version: &apos;4.13.0-43-generic&apos;, java.version: &apos;1.8.0_171&apos;&#10;Driver info: org.openqa.selenium.firefox.FirefoxDriver&#10;Capabilities {acceptInsecureCerts: true, browserName: firefox, browserVersion: 55.0.3, javascriptEnabled: true, moz:accessibilityChecks: false, moz:processID: 6355, moz:profile: /tmp/rust_mozprofile.V7GQ1B..., pageLoadStrategy: normal, platform: LINUX, platformName: LINUX, platformVersion: 4.13.0-43-generic, rotatable: false, specificationLevel: 0, timeouts: {implicit: 0, pageLoad: 300000, script: 30000}}&#10;Session ID: 455d873e-8350-400e-9867-6e1545267070" type="org.openqa.selenium.SessionNotCreatedException">org.openqa.selenium.SessionNotCreatedException: 
Tried to run command without establishing a connection
Build info: version: '3.11.0', revision: 'e59cfb3', time: '2018-03-11T20:26:55.152Z'
System info: host: 'streamoid-ThinkPad-T440s', ip: '127.0.1.1', os.name: 'Linux', os.arch: 'amd64', os.version: '4.13.0-43-generic', java.version: '1.8.0_171'
Driver info: org.openqa.selenium.firefox.FirefoxDriver
Capabilities {acceptInsecureCerts: true, browserName: firefox, browserVersion: 55.0.3, javascriptEnabled: true, moz:accessibilityChecks: false, moz:processID: 6355, moz:profile: /tmp/rust_mozprofile.V7GQ1B..., pageLoadStrategy: normal, platform: LINUX, platformName: LINUX, platformVersion: 4.13.0-43-generic, rotatable: false, specificationLevel: 0, timeouts: {implicit: 0, pageLoad: 300000, script: 30000}}
Session ID: 455d873e-8350-400e-9867-6e1545267070
	at com.services.test.TestVanHeusenInfo.tearDown(TestVanHeusenInfo.java:285)
</failure>
  </testcase>
  <testcase name="tearDown" classname="com.services.test.TestVanHeusenInfo" time="0">
    <skipped/>
  </testcase>
</testsuite>